<?xml version="1.0" encoding="UTF-8"?>
<testsuite name="za.co.vodacom.ms.customerInfo.controllers.customerInfoControllerTest" time="2.9" tests="1" errors="1" skipped="0" failures="0">
  <properties>
[...]
</properties>
  <testcase name="sayHelloTest" classname="za.co.vodacom.ms.customerInfo.controllers.customerInfoControllerTest" time="2.9">
    <error message="Fields with the following paths were not found in the payload: [result]" type="org.springframework.restdocs.snippet.SnippetException">org.springframework.restdocs.snippet.SnippetException: Fields with the following paths were not found in the payload: [result]
	at org.springframework.restdocs.payload.AbstractFieldsSnippet.validateFieldDocumentation(AbstractFieldsSnippet.java:176)
	at org.springframework.restdocs.payload.AbstractFieldsSnippet.createModel(AbstractFieldsSnippet.java:100)
	at org.springframework.restdocs.snippet.TemplatedSnippet.document(TemplatedSnippet.java:64)
	at org.springframework.restdocs.generate.RestDocumentationGenerator.handle(RestDocumentationGenerator.java:196)
	at org.springframework.restdocs.restassured.RestDocumentationFilter.filter(RestDocumentationFilter.java:58)
	at com.jayway.restassured.filter.Filter$filter.call(Unknown Source)
	at org.codehaus.groovy.runtime.callsite.CallSiteArray.defaultCall(CallSiteArray.java:48)
	at com.jayway.restassured.filter.Filter$filter.call(Unknown Source)
	at com.jayway.restassured.internal.filter.FilterContextImpl.next(FilterContextImpl.groovy:73)
	at org.springframework.restdocs.restassured.RestDocumentationFilter.filter(RestDocumentationFilter.java:54)
	at com.jayway.restassured.filter.Filter$filter.call(Unknown Source)
	at org.codehaus.groovy.runtime.callsite.CallSiteArray.defaultCall(CallSiteArray.java:48)
	at com.jayway.restassured.filter.Filter$filter.call(Unknown Source)
	at com.jayway.restassured.internal.filter.FilterContextImpl.next(FilterContextImpl.groovy:73)
	at org.springframework.restdocs.restassured.RestAssuredRestDocumentationConfigurer.filter(RestAssuredRestDocumentationConfigurer.java:66)
	at com.jayway.restassured.filter.Filter$filter.call(Unknown Source)
	at org.codehaus.groovy.runtime.callsite.CallSiteArray.defaultCall(CallSiteArray.java:48)
	at org.codehaus.groovy.runtime.callsite.AbstractCallSite.call(AbstractCallSite.java:113)
	at org.codehaus.groovy.runtime.callsite.AbstractCallSite.call(AbstractCallSite.java:141)
	at com.jayway.restassured.internal.filter.FilterContextImpl.next(FilterContextImpl.groovy:73)
	at com.jayway.restassured.filter.FilterContext$next.call(Unknown Source)
	at org.codehaus.groovy.runtime.callsite.CallSiteArray.defaultCall(CallSiteArray.java:48)
	at org.codehaus.groovy.runtime.callsite.AbstractCallSite.call(AbstractCallSite.java:113)
	at org.codehaus.groovy.runtime.callsite.AbstractCallSite.call(AbstractCallSite.java:133)
	at com.jayway.restassured.internal.RequestSpecificationImpl.applyPathParamsAndSendRequest(RequestSpecificationImpl.groovy:1574)
	at sun.reflect.NativeMethodAccessorImpl.invoke0(Native Method)
	at sun.reflect.NativeMethodAccessorImpl.invoke(NativeMethodAccessorImpl.java:62)
	at sun.reflect.DelegatingMethodAccessorImpl.invoke(DelegatingMethodAccessorImpl.java:43)
	at java.lang.reflect.Method.invoke(Method.java:498)
	at org.codehaus.groovy.reflection.CachedMethod.invoke(CachedMethod.java:93)
	at groovy.lang.MetaMethod.doMethodInvoke(MetaMethod.java:325)
	at groovy.lang.MetaClassImpl.invokeMethod(MetaClassImpl.java:1218)
	at groovy.lang.MetaClassImpl.invokeMethod(MetaClassImpl.java:1027)
	at groovy.lang.MetaClassImpl.invokeMethod(MetaClassImpl.java:815)
	at com.jayway.restassured.internal.RequestSpecificationImpl.invokeMethod(RequestSpecificationImpl.groovy)
	at org.codehaus.groovy.runtime.callsite.PogoInterceptableSite.call(PogoInterceptableSite.java:48)
	at org.codehaus.groovy.runtime.callsite.PogoInterceptableSite.callCurrent(PogoInterceptableSite.java:58)
	at org.codehaus.groovy.runtime.callsite.CallSiteArray.defaultCallCurrent(CallSiteArray.java:52)
	at org.codehaus.groovy.runtime.callsite.AbstractCallSite.callCurrent(AbstractCallSite.java:154)
	at org.codehaus.groovy.runtime.callsite.AbstractCallSite.callCurrent(AbstractCallSite.java:182)
	at com.jayway.restassured.internal.RequestSpecificationImpl.get(RequestSpecificationImpl.groovy:159)
	at com.jayway.restassured.internal.RequestSpecificationImpl.get(RequestSpecificationImpl.groovy)
	at za.co.vodacom.ms.customerInfo.controllers.customerInfoControllerTest.sayHelloTest(customerInfoControllerTest.java:55)
</error>
    <system-out><![CDATA[14:04:52.247 [main] DEBUG org.springframework.test.context.junit4.SpringJUnit4ClassRunner - SpringJUnit4ClassRunner constructor called with [class za.co.vodacom.ms.customerInfo.controllers.customerInfoControllerTest]
14:04:52.261 [main] DEBUG org.springframework.test.context.BootstrapUtils - Instantiating CacheAwareContextLoaderDelegate from class [org.springframework.test.context.cache.DefaultCacheAwareContextLoaderDelegate]
14:04:52.279 [main] DEBUG org.springframework.test.context.BootstrapUtils - Instantiating BootstrapContext using constructor [public org.springframework.test.context.support.DefaultBootstrapContext(java.lang.Class,org.springframework.test.context.CacheAwareContextLoaderDelegate)]
14:04:52.325 [main] DEBUG org.springframework.test.context.BootstrapUtils - Instantiating TestContextBootstrapper for test class [za.co.vodacom.ms.customerInfo.controllers.customerInfoControllerTest] from class [org.springframework.boot.test.context.SpringBootTestContextBootstrapper]
14:04:52.366 [main] INFO org.springframework.boot.test.context.SpringBootTestContextBootstrapper - Neither @ContextConfiguration nor @ContextHierarchy found for test class [za.co.vodacom.ms.customerInfo.controllers.customerInfoControllerTest], using SpringBootContextLoader
14:04:52.374 [main] DEBUG org.springframework.test.context.support.AbstractContextLoader - Did not detect default resource location for test class [za.co.vodacom.ms.customerInfo.controllers.customerInfoControllerTest]: class path resource [za/co/vodacom/ms/customerInfo/controllers/customerInfoControllerTest-context.xml] does not exist
14:04:52.375 [main] DEBUG org.springframework.test.context.support.AbstractContextLoader - Did not detect default resource location for test class [za.co.vodacom.ms.customerInfo.controllers.customerInfoControllerTest]: class path resource [za/co/vodacom/ms/customerInfo/controllers/customerInfoControllerTestContext.groovy] does not exist
14:04:52.375 [main] INFO org.springframework.test.context.support.AbstractContextLoader - Could not detect default resource locations for test class [za.co.vodacom.ms.customerInfo.controllers.customerInfoControllerTest]: no resource found for suffixes {-context.xml, Context.groovy}.
14:04:52.377 [main] INFO org.springframework.test.context.support.AnnotationConfigContextLoaderUtils - Could not detect default configuration classes for test class [za.co.vodacom.ms.customerInfo.controllers.customerInfoControllerTest]: customerInfoControllerTest does not declare any static, non-private, non-final, nested classes annotated with @Configuration.
14:04:52.492 [main] DEBUG org.springframework.core.env.StandardEnvironment - Adding [systemProperties] PropertySource with lowest search precedence
14:04:52.495 [main] DEBUG org.springframework.core.env.StandardEnvironment - Adding [systemEnvironment] PropertySource with lowest search precedence
14:04:52.495 [main] DEBUG org.springframework.core.env.StandardEnvironment - Initialized StandardEnvironment with PropertySources [systemProperties,systemEnvironment]
14:04:52.523 [main] DEBUG org.springframework.core.io.support.PathMatchingResourcePatternResolver - Resolved classpath location [za/co/vodacom/ms/customerInfo/controllers/] to resources [URL [file:/C:/Users/masek002/Documents/InternalProject/test/vod-ms-customerInfo/target/test-classes/za/co/vodacom/ms/customerInfo/controllers/], URL [file:/C:/Users/masek002/Documents/InternalProject/test/vod-ms-customerInfo/target/classes/za/co/vodacom/ms/customerInfo/controllers/]]
14:04:52.523 [main] DEBUG org.springframework.core.io.support.PathMatchingResourcePatternResolver - Looking for matching resources in directory tree [C:\Users\masek002\Documents\InternalProject\test\vod-ms-customerInfo\target\test-classes\za\co\vodacom\ms\customerInfo\controllers]
14:04:52.524 [main] DEBUG org.springframework.core.io.support.PathMatchingResourcePatternResolver - Searching directory [C:\Users\masek002\Documents\InternalProject\test\vod-ms-customerInfo\target\test-classes\za\co\vodacom\ms\customerInfo\controllers] for files matching pattern [C:/Users/masek002/Documents/InternalProject/test/vod-ms-customerInfo/target/test-classes/za/co/vodacom/ms/customerInfo/controllers/*.class]
14:04:52.531 [main] DEBUG org.springframework.core.io.support.PathMatchingResourcePatternResolver - Looking for matching resources in directory tree [C:\Users\masek002\Documents\InternalProject\test\vod-ms-customerInfo\target\classes\za\co\vodacom\ms\customerInfo\controllers]
14:04:52.532 [main] DEBUG org.springframework.core.io.support.PathMatchingResourcePatternResolver - Searching directory [C:\Users\masek002\Documents\InternalProject\test\vod-ms-customerInfo\target\classes\za\co\vodacom\ms\customerInfo\controllers] for files matching pattern [C:/Users/masek002/Documents/InternalProject/test/vod-ms-customerInfo/target/classes/za/co/vodacom/ms/customerInfo/controllers/*.class]
14:04:52.533 [main] DEBUG org.springframework.core.io.support.PathMatchingResourcePatternResolver - Resolved location pattern [classpath*:za/co/vodacom/ms/customerInfo/controllers/*.class] to resources [file [C:\Users\masek002\Documents\InternalProject\test\vod-ms-customerInfo\target\test-classes\za\co\vodacom\ms\customerInfo\controllers\customerInfoControllerTest.class], file [C:\Users\masek002\Documents\InternalProject\test\vod-ms-customerInfo\target\classes\za\co\vodacom\ms\customerInfo\controllers\customerInfoController.class]]
14:04:52.612 [main] DEBUG org.springframework.core.io.support.PathMatchingResourcePatternResolver - Resolved classpath location [za/co/vodacom/ms/customerInfo/] to resources [URL [file:/C:/Users/masek002/Documents/InternalProject/test/vod-ms-customerInfo/target/test-classes/za/co/vodacom/ms/customerInfo/], URL [file:/C:/Users/masek002/Documents/InternalProject/test/vod-ms-customerInfo/target/classes/za/co/vodacom/ms/customerInfo/]]
14:04:52.612 [main] DEBUG org.springframework.core.io.support.PathMatchingResourcePatternResolver - Looking for matching resources in directory tree [C:\Users\masek002\Documents\InternalProject\test\vod-ms-customerInfo\target\test-classes\za\co\vodacom\ms\customerInfo]
14:04:52.613 [main] DEBUG org.springframework.core.io.support.PathMatchingResourcePatternResolver - Searching directory [C:\Users\masek002\Documents\InternalProject\test\vod-ms-customerInfo\target\test-classes\za\co\vodacom\ms\customerInfo] for files matching pattern [C:/Users/masek002/Documents/InternalProject/test/vod-ms-customerInfo/target/test-classes/za/co/vodacom/ms/customerInfo/*.class]
14:04:52.615 [main] DEBUG org.springframework.core.io.support.PathMatchingResourcePatternResolver - Looking for matching resources in directory tree [C:\Users\masek002\Documents\InternalProject\test\vod-ms-customerInfo\target\classes\za\co\vodacom\ms\customerInfo]
14:04:52.617 [main] DEBUG org.springframework.core.io.support.PathMatchingResourcePatternResolver - Searching directory [C:\Users\masek002\Documents\InternalProject\test\vod-ms-customerInfo\target\classes\za\co\vodacom\ms\customerInfo] for files matching pattern [C:/Users/masek002/Documents/InternalProject/test/vod-ms-customerInfo/target/classes/za/co/vodacom/ms/customerInfo/*.class]
14:04:52.619 [main] DEBUG org.springframework.core.io.support.PathMatchingResourcePatternResolver - Resolved location pattern [classpath*:za/co/vodacom/ms/customerInfo/*.class] to resources [file [C:\Users\masek002\Documents\InternalProject\test\vod-ms-customerInfo\target\classes\za\co\vodacom\ms\customerInfo\VodMscustomerInfoApplication.class]]
14:04:52.897 [main] DEBUG org.springframework.context.annotation.ClassPathScanningCandidateComponentProvider - Identified candidate component class: file [C:\Users\masek002\Documents\InternalProject\test\vod-ms-customerInfo\target\classes\za\co\vodacom\ms\customerInfo\VodMscustomerInfoApplication.class]
14:04:52.907 [main] INFO org.springframework.boot.test.context.SpringBootTestContextBootstrapper - Found @SpringBootConfiguration za.co.vodacom.ms.customerInfo.VodMscustomerInfoApplication for test class za.co.vodacom.ms.customerInfo.controllers.customerInfoControllerTest
14:04:52.911 [main] DEBUG org.springframework.boot.test.context.SpringBootTestContextBootstrapper - @TestExecutionListeners is not present for class [za.co.vodacom.ms.customerInfo.controllers.customerInfoControllerTest]: using defaults.
14:04:52.925 [main] INFO org.springframework.boot.test.context.SpringBootTestContextBootstrapper - Loaded default TestExecutionListener class names from location [META-INF/spring.factories]: [com.epages.wiremock.starter.WireMockListener, org.springframework.boot.test.mock.mockito.MockitoTestExecutionListener, org.springframework.boot.test.mock.mockito.ResetMocksTestExecutionListener, org.springframework.boot.test.autoconfigure.restdocs.RestDocsTestExecutionListener, org.springframework.boot.test.autoconfigure.web.client.MockRestServiceServerResetTestExecutionListener, org.springframework.boot.test.autoconfigure.web.servlet.MockMvcPrintOnlyOnFailureTestExecutionListener, org.springframework.boot.test.autoconfigure.web.servlet.WebDriverTestExecutionListener, org.springframework.test.context.web.ServletTestExecutionListener, org.springframework.test.context.support.DirtiesContextBeforeModesTestExecutionListener, org.springframework.test.context.support.DependencyInjectionTestExecutionListener, org.springframework.test.context.support.DirtiesContextTestExecutionListener, org.springframework.test.context.transaction.TransactionalTestExecutionListener, org.springframework.test.context.jdbc.SqlScriptsTestExecutionListener]
14:04:52.988 [main] INFO org.springframework.boot.test.context.SpringBootTestContextBootstrapper - Using TestExecutionListeners: [org.springframework.test.context.web.ServletTestExecutionListener@5f354bcf, org.springframework.test.context.support.DirtiesContextBeforeModesTestExecutionListener@3daf7722, org.springframework.boot.test.autoconfigure.SpringBootDependencyInjectionTestExecutionListener@78641d23, org.springframework.test.context.support.DirtiesContextTestExecutionListener@74589991, org.springframework.test.context.transaction.TransactionalTestExecutionListener@146dfe6, org.springframework.test.context.jdbc.SqlScriptsTestExecutionListener@4716be8b, com.epages.wiremock.starter.WireMockListener@1fc32e4f, org.springframework.boot.test.autoconfigure.web.client.MockRestServiceServerResetTestExecutionListener@2f67b837, org.springframework.boot.test.autoconfigure.restdocs.RestDocsTestExecutionListener@1869fbd2, org.springframework.boot.test.autoconfigure.web.servlet.WebDriverTestExecutionListener@6af9fcb2, org.springframework.boot.test.mock.mockito.ResetMocksTestExecutionListener@6cce16f4, org.springframework.boot.test.autoconfigure.web.servlet.MockMvcPrintOnlyOnFailureTestExecutionListener@7efaad5a, org.springframework.boot.test.mock.mockito.MockitoTestExecutionListener@291a7e3c]
14:04:52.995 [main] DEBUG org.springframework.test.annotation.ProfileValueUtils - Retrieved @ProfileValueSourceConfiguration [null] for test class [za.co.vodacom.ms.customerInfo.controllers.customerInfoControllerTest]
14:04:52.996 [main] DEBUG org.springframework.test.annotation.ProfileValueUtils - Retrieved ProfileValueSource type [class org.springframework.test.annotation.SystemProfileValueSource] for class [za.co.vodacom.ms.customerInfo.controllers.customerInfoControllerTest]
14:04:53.000 [main] DEBUG org.springframework.test.context.junit4.SpringJUnit4ClassRunner - SpringJUnit4ClassRunner constructor called with [class za.co.vodacom.ms.customerInfo.controllers.customerInfoControllerTest]
14:04:53.001 [main] DEBUG org.springframework.test.context.BootstrapUtils - Instantiating CacheAwareContextLoaderDelegate from class [org.springframework.test.context.cache.DefaultCacheAwareContextLoaderDelegate]
14:04:53.001 [main] DEBUG org.springframework.test.context.BootstrapUtils - Instantiating BootstrapContext using constructor [public org.springframework.test.context.support.DefaultBootstrapContext(java.lang.Class,org.springframework.test.context.CacheAwareContextLoaderDelegate)]
14:04:53.002 [main] DEBUG org.springframework.test.context.BootstrapUtils - Instantiating TestContextBootstrapper for test class [za.co.vodacom.ms.customerInfo.controllers.customerInfoControllerTest] from class [org.springframework.boot.test.context.SpringBootTestContextBootstrapper]
14:04:53.003 [main] INFO org.springframework.boot.test.context.SpringBootTestContextBootstrapper - Neither @ContextConfiguration nor @ContextHierarchy found for test class [za.co.vodacom.ms.customerInfo.controllers.customerInfoControllerTest], using SpringBootContextLoader
14:04:53.004 [main] DEBUG org.springframework.test.context.support.AbstractContextLoader - Did not detect default resource location for test class [za.co.vodacom.ms.customerInfo.controllers.customerInfoControllerTest]: class path resource [za/co/vodacom/ms/customerInfo/controllers/customerInfoControllerTest-context.xml] does not exist
14:04:53.006 [main] DEBUG org.springframework.test.context.support.AbstractContextLoader - Did not detect default resource location for test class [za.co.vodacom.ms.customerInfo.controllers.customerInfoControllerTest]: class path resource [za/co/vodacom/ms/customerInfo/controllers/customerInfoControllerTestContext.groovy] does not exist
14:04:53.006 [main] INFO org.springframework.test.context.support.AbstractContextLoader - Could not detect default resource locations for test class [za.co.vodacom.ms.customerInfo.controllers.customerInfoControllerTest]: no resource found for suffixes {-context.xml, Context.groovy}.
14:04:53.006 [main] INFO org.springframework.test.context.support.AnnotationConfigContextLoaderUtils - Could not detect default configuration classes for test class [za.co.vodacom.ms.customerInfo.controllers.customerInfoControllerTest]: customerInfoControllerTest does not declare any static, non-private, non-final, nested classes annotated with @Configuration.
14:04:53.021 [main] DEBUG org.springframework.core.env.StandardEnvironment - Adding [systemProperties] PropertySource with lowest search precedence
14:04:53.021 [main] DEBUG org.springframework.core.env.StandardEnvironment - Adding [systemEnvironment] PropertySource with lowest search precedence
14:04:53.022 [main] DEBUG org.springframework.core.env.StandardEnvironment - Initialized StandardEnvironment with PropertySources [systemProperties,systemEnvironment]
14:04:53.022 [main] INFO org.springframework.boot.test.context.SpringBootTestContextBootstrapper - Found @SpringBootConfiguration za.co.vodacom.ms.customerInfo.VodMscustomerInfoApplication for test class za.co.vodacom.ms.customerInfo.controllers.customerInfoControllerTest
14:04:53.026 [main] DEBUG org.springframework.boot.test.context.SpringBootTestContextBootstrapper - @TestExecutionListeners is not present for class [za.co.vodacom.ms.customerInfo.controllers.customerInfoControllerTest]: using defaults.
14:04:53.037 [main] INFO org.springframework.boot.test.context.SpringBootTestContextBootstrapper - Loaded default TestExecutionListener class names from location [META-INF/spring.factories]: [com.epages.wiremock.starter.WireMockListener, org.springframework.boot.test.mock.mockito.MockitoTestExecutionListener, org.springframework.boot.test.mock.mockito.ResetMocksTestExecutionListener, org.springframework.boot.test.autoconfigure.restdocs.RestDocsTestExecutionListener, org.springframework.boot.test.autoconfigure.web.client.MockRestServiceServerResetTestExecutionListener, org.springframework.boot.test.autoconfigure.web.servlet.MockMvcPrintOnlyOnFailureTestExecutionListener, org.springframework.boot.test.autoconfigure.web.servlet.WebDriverTestExecutionListener, org.springframework.test.context.web.ServletTestExecutionListener, org.springframework.test.context.support.DirtiesContextBeforeModesTestExecutionListener, org.springframework.test.context.support.DependencyInjectionTestExecutionListener, org.springframework.test.context.support.DirtiesContextTestExecutionListener, org.springframework.test.context.transaction.TransactionalTestExecutionListener, org.springframework.test.context.jdbc.SqlScriptsTestExecutionListener]
14:04:53.046 [main] INFO org.springframework.boot.test.context.SpringBootTestContextBootstrapper - Using TestExecutionListeners: [org.springframework.test.context.web.ServletTestExecutionListener@bcef303, org.springframework.test.context.support.DirtiesContextBeforeModesTestExecutionListener@41709512, org.springframework.boot.test.autoconfigure.SpringBootDependencyInjectionTestExecutionListener@42039326, org.springframework.test.context.support.DirtiesContextTestExecutionListener@33308786, org.springframework.test.context.transaction.TransactionalTestExecutionListener@4f9a2c08, org.springframework.test.context.jdbc.SqlScriptsTestExecutionListener@a87f8ec, com.epages.wiremock.starter.WireMockListener@5443d039, org.springframework.boot.test.autoconfigure.web.client.MockRestServiceServerResetTestExecutionListener@63787180, org.springframework.boot.test.autoconfigure.restdocs.RestDocsTestExecutionListener@7d1cfb8b, org.springframework.boot.test.autoconfigure.web.servlet.WebDriverTestExecutionListener@48e92c5c, org.springframework.boot.test.mock.mockito.ResetMocksTestExecutionListener@2e1ef60, org.springframework.boot.test.autoconfigure.web.servlet.MockMvcPrintOnlyOnFailureTestExecutionListener@22356acd, org.springframework.boot.test.mock.mockito.MockitoTestExecutionListener@386f0da3]
14:04:53.047 [main] DEBUG org.springframework.test.annotation.ProfileValueUtils - Retrieved @ProfileValueSourceConfiguration [null] for test class [za.co.vodacom.ms.customerInfo.controllers.customerInfoControllerTest]
14:04:53.048 [main] DEBUG org.springframework.test.annotation.ProfileValueUtils - Retrieved ProfileValueSource type [class org.springframework.test.annotation.SystemProfileValueSource] for class [za.co.vodacom.ms.customerInfo.controllers.customerInfoControllerTest]
14:04:53.050 [main] DEBUG org.springframework.test.annotation.ProfileValueUtils - Retrieved @ProfileValueSourceConfiguration [null] for test class [za.co.vodacom.ms.customerInfo.controllers.customerInfoControllerTest]
14:04:53.050 [main] DEBUG org.springframework.test.annotation.ProfileValueUtils - Retrieved ProfileValueSource type [class org.springframework.test.annotation.SystemProfileValueSource] for class [za.co.vodacom.ms.customerInfo.controllers.customerInfoControllerTest]
14:04:53.060 [main] DEBUG org.springframework.test.context.support.AbstractDirtiesContextTestExecutionListener - Before test class: context [DefaultTestContext@1fde5d22 testClass = customerInfoControllerTest, testInstance = [null], testMethod = [null], testException = [null], mergedContextConfiguration = [WebMergedContextConfiguration@5dcb4f5f testClass = customerInfoControllerTest, locations = '{}', classes = '{class za.co.vodacom.ms.customerInfo.VodMscustomerInfoApplication}', contextInitializerClasses = '[]', activeProfiles = '{development}', propertySourceLocations = '{}', propertySourceProperties = '{org.springframework.boot.test.context.SpringBootTestContextBootstrapper=true, server.port=0}', contextCustomizers = set[org.springframework.boot.test.context.SpringBootTestContextCustomizer@d29f28, org.springframework.boot.test.context.filter.ExcludeFilterContextCustomizer@3514a4c0, org.springframework.boot.test.mock.mockito.MockitoContextCustomizer@0, org.springframework.boot.test.autoconfigure.properties.PropertyMappingContextCustomizer@0, org.springframework.boot.test.autoconfigure.web.servlet.WebDriverContextCustomizerFactory$Customizer@76c3e77a], resourceBasePath = 'src/main/webapp', contextLoader = 'org.springframework.boot.test.context.SpringBootContextLoader', parent = [null]]], class annotated with @DirtiesContext [false] with mode [null].
14:04:53.075 [main] DEBUG org.springframework.test.util.ReflectionTestUtils - Getting field 'mergedContextConfiguration' from target object [[DefaultTestContext@1fde5d22 testClass = customerInfoControllerTest, testInstance = [null], testMethod = [null], testException = [null], mergedContextConfiguration = [WebMergedContextConfiguration@5dcb4f5f testClass = customerInfoControllerTest, locations = '{}', classes = '{class za.co.vodacom.ms.customerInfo.VodMscustomerInfoApplication}', contextInitializerClasses = '[]', activeProfiles = '{development}', propertySourceLocations = '{}', propertySourceProperties = '{org.springframework.boot.test.context.SpringBootTestContextBootstrapper=true, server.port=0}', contextCustomizers = set[org.springframework.boot.test.context.SpringBootTestContextCustomizer@d29f28, org.springframework.boot.test.context.filter.ExcludeFilterContextCustomizer@3514a4c0, org.springframework.boot.test.mock.mockito.MockitoContextCustomizer@0, org.springframework.boot.test.autoconfigure.properties.PropertyMappingContextCustomizer@0, org.springframework.boot.test.autoconfigure.web.servlet.WebDriverContextCustomizerFactory$Customizer@76c3e77a], resourceBasePath = 'src/main/webapp', contextLoader = 'org.springframework.boot.test.context.SpringBootContextLoader', parent = [null]]]] or target class [class org.springframework.test.context.support.DefaultTestContext]
14:04:53.077 [main] DEBUG org.springframework.test.util.ReflectionTestUtils - Setting field 'propertySourceProperties' of type [null] on target object [[WebMergedContextConfiguration@5dcb4f5f testClass = customerInfoControllerTest, locations = '{}', classes = '{class za.co.vodacom.ms.customerInfo.VodMscustomerInfoApplication}', contextInitializerClasses = '[]', activeProfiles = '{development}', propertySourceLocations = '{}', propertySourceProperties = '{org.springframework.boot.test.context.SpringBootTestContextBootstrapper=true, server.port=0}', contextCustomizers = set[org.springframework.boot.test.context.SpringBootTestContextCustomizer@d29f28, org.springframework.boot.test.context.filter.ExcludeFilterContextCustomizer@3514a4c0, org.springframework.boot.test.mock.mockito.MockitoContextCustomizer@0, org.springframework.boot.test.autoconfigure.properties.PropertyMappingContextCustomizer@0, org.springframework.boot.test.autoconfigure.web.servlet.WebDriverContextCustomizerFactory$Customizer@76c3e77a], resourceBasePath = 'src/main/webapp', contextLoader = 'org.springframework.boot.test.context.SpringBootContextLoader', parent = [null]]] or target class [class org.springframework.test.context.web.WebMergedContextConfiguration] to value [[Ljava.lang.String;@51acdf2e]
14:04:53.079 [main] DEBUG org.springframework.test.annotation.ProfileValueUtils - Retrieved @ProfileValueSourceConfiguration [null] for test class [za.co.vodacom.ms.customerInfo.controllers.customerInfoControllerTest]
14:04:53.079 [main] DEBUG org.springframework.test.annotation.ProfileValueUtils - Retrieved ProfileValueSource type [class org.springframework.test.annotation.SystemProfileValueSource] for class [za.co.vodacom.ms.customerInfo.controllers.customerInfoControllerTest]
14:04:53.086 [main] DEBUG org.springframework.test.context.support.DependencyInjectionTestExecutionListener - Performing dependency injection for test context [[DefaultTestContext@1fde5d22 testClass = customerInfoControllerTest, testInstance = za.co.vodacom.ms.customerInfo.controllers.customerInfoControllerTest@77825085, testMethod = [null], testException = [null], mergedContextConfiguration = [WebMergedContextConfiguration@5dcb4f5f testClass = customerInfoControllerTest, locations = '{}', classes = '{class za.co.vodacom.ms.customerInfo.VodMscustomerInfoApplication}', contextInitializerClasses = '[]', activeProfiles = '{development}', propertySourceLocations = '{}', propertySourceProperties = '{org.springframework.boot.test.context.SpringBootTestContextBootstrapper=true, server.port=0, wiremock.port=57666, wiremock.enabled=true, wiremock.stubPath=mappings, ribbon.eureka.enabled=false}', contextCustomizers = set[org.springframework.boot.test.context.SpringBootTestContextCustomizer@d29f28, org.springframework.boot.test.context.filter.ExcludeFilterContextCustomizer@3514a4c0, org.springframework.boot.test.mock.mockito.MockitoContextCustomizer@0, org.springframework.boot.test.autoconfigure.properties.PropertyMappingContextCustomizer@0, org.springframework.boot.test.autoconfigure.web.servlet.WebDriverContextCustomizerFactory$Customizer@76c3e77a], resourceBasePath = 'src/main/webapp', contextLoader = 'org.springframework.boot.test.context.SpringBootContextLoader', parent = [null]]]].
14:04:53.196 [main] DEBUG io.fabric8.kubernetes.client.Config - Trying to configure client from Kubernetes config...
14:04:53.207 [main] DEBUG io.fabric8.kubernetes.client.Config - Did not find Kubernetes config at: [C:\Users\masek002\.kube\config]. Ignoring.
14:04:53.207 [main] DEBUG io.fabric8.kubernetes.client.Config - Trying to configure client from service account...
14:04:53.208 [main] DEBUG io.fabric8.kubernetes.client.Config - Did not find service account ca cert at: [/var/run/secrets/kubernetes.io/serviceaccount/ca.crt].
14:04:53.210 [main] WARN io.fabric8.kubernetes.client.Config - Error reading service account token from: [/var/run/secrets/kubernetes.io/serviceaccount/token]. Ignoring.
14:04:53.210 [main] DEBUG io.fabric8.kubernetes.client.Config - Trying to configure client namespace from Kubernetes service account namespace path...
14:04:53.211 [main] DEBUG io.fabric8.kubernetes.client.Config - Did not find service account namespace at: [/var/run/secrets/kubernetes.io/serviceaccount/namespace]. Ignoring.
14:04:55.416 [main] DEBUG org.springframework.core.env.StandardEnvironment - Adding [systemProperties] PropertySource with lowest search precedence
14:04:55.417 [main] DEBUG org.springframework.core.env.StandardEnvironment - Adding [systemEnvironment] PropertySource with lowest search precedence
14:04:55.417 [main] DEBUG org.springframework.core.env.StandardEnvironment - Initialized StandardEnvironment with PropertySources [systemProperties,systemEnvironment]
14:04:55.418 [main] DEBUG org.springframework.core.env.StandardEnvironment - Adding [test] PropertySource with highest search precedence
14:04:55.419 [main] DEBUG org.springframework.test.context.support.TestPropertySourceUtils - Adding inlined properties to environment: {spring.jmx.enabled=false, org.springframework.boot.test.context.SpringBootTestContextBootstrapper=true, server.port=0, wiremock.port=57666, wiremock.enabled=true, wiremock.stubPath=mappings, ribbon.eureka.enabled=false}
14:04:55.419 [main] DEBUG org.springframework.core.env.StandardEnvironment - Adding [Inlined Test Properties] PropertySource with highest search precedence
2021-07-19 14:04:58.984  INFO [bootstrap,,,] 16360 --- [           main] s.c.a.AnnotationConfigApplicationContext : Refreshing org.springframework.context.annotation.AnnotationConfigApplicationContext@56781d96: startup date [Mon Jul 19 14:04:58 CAT 2021]; root of context hierarchy
2021-07-19 14:04:59.603  INFO [bootstrap,,,] 16360 --- [           main] f.a.AutowiredAnnotationBeanPostProcessor : JSR-330 'javax.inject.Inject' annotation found and supported for autowiring
2021-07-19 14:04:59.676  INFO [bootstrap,,,] 16360 --- [           main] trationDelegate$BeanPostProcessorChecker : Bean 'configurationPropertiesRebinderAutoConfiguration' of type [org.springframework.cloud.autoconfigure.ConfigurationPropertiesRebinderAutoConfiguration$$EnhancerBySpringCGLIB$$a9197205] is not eligible for getting processed by all BeanPostProcessors (for example: not eligible for auto-proxying)
2021-07-19 14:05:00.087  WARN [bootstrap,,,] 16360 --- [           main] io.fabric8.kubernetes.client.Config      : Error reading service account token from: [/var/run/secrets/kubernetes.io/serviceaccount/token]. Ignoring.
2021-07-19 14:05:00.088  WARN [bootstrap,,,] 16360 --- [           main] i.f.s.c.k.KubernetesClientProperties     : No namespace has been detected. Please specify KUBERNETES_NAMESPACE env var, or use a later kubernetes version (1.3 or later)

  .   ____          _            __ _ _
 /\\ / ___'_ __ _ _(_)_ __  __ _ \ \ \ \
( ( )\___ | '_ | '_| | '_ \/ _` | \ \ \ \
 \\/  ___)| |_)| | | | | || (_| |  ) ) ) )
  '  |____| .__|_| |_|_| |_\__, | / / / /
 =========|_|==============|___/=/_/_/_/
 :: Spring Boot ::        (v1.5.2.RELEASE)

2021-07-19 14:05:03.037  WARN [bootstrap,,,] 16360 --- [           main] i.f.s.c.k.c.ConfigMapPropertySource      : Can't read configMap with name: [vod-ms-sample] in namespace:[null]. Ignoring
2021-07-19 14:05:03.050  INFO [bootstrap,,,] 16360 --- [           main] b.c.PropertySourceBootstrapConfiguration : Located property source: ConfigMapPropertySource [name='configmap.vod-ms-sample.null']
2021-07-19 14:05:03.053  INFO [bootstrap,,,] 16360 --- [           main] b.c.PropertySourceBootstrapConfiguration : Located property source: SecretsPropertySource [name='secrets.vod-ms-sample.null']
2021-07-19 14:05:03.105  INFO [bootstrap,,,] 16360 --- [           main] z.c.v.m.c.c.customerInfoControllerTest   : The following profiles are active: development
2021-07-19 14:05:03.114  INFO [bootstrap,,,] 16360 --- [           main] ationConfigEmbeddedWebApplicationContext : Refreshing org.springframework.boot.context.embedded.AnnotationConfigEmbeddedWebApplicationContext@314b9e4b: startup date [Mon Jul 19 14:05:03 CAT 2021]; parent: org.springframework.context.annotation.AnnotationConfigApplicationContext@56781d96
2021-07-19 14:05:06.428  INFO [bootstrap,,,] 16360 --- [           main] o.s.b.f.s.DefaultListableBeanFactory     : Overriding bean definition for bean 'typeResolver' with a different definition: replacing [Root bean: class [null]; scope=; abstract=false; lazyInit=false; autowireMode=3; dependencyCheck=0; autowireCandidate=true; primary=false; factoryBeanName=springfox.documentation.schema.configuration.ModelsConfiguration; factoryMethodName=typeResolver; initMethodName=null; destroyMethodName=(inferred); defined in springfox.documentation.schema.configuration.ModelsConfiguration] with [Root bean: class [null]; scope=; abstract=false; lazyInit=false; autowireMode=3; dependencyCheck=0; autowireCandidate=true; primary=false; factoryBeanName=za.co.vodacom.ms.config.swagger.VodMsSwaggerConfig; factoryMethodName=typeResolver; initMethodName=null; destroyMethodName=(inferred); defined in za.co.vodacom.ms.config.swagger.VodMsSwaggerConfig]
2021-07-19 14:05:07.074  INFO [bootstrap,,,] 16360 --- [           main] o.s.b.f.s.DefaultListableBeanFactory     : Overriding bean definition for bean 'managementServletContext' with a different definition: replacing [Root bean: class [null]; scope=; abstract=false; lazyInit=false; autowireMode=3; dependencyCheck=0; autowireCandidate=true; primary=false; factoryBeanName=org.springframework.boot.actuate.autoconfigure.EndpointWebMvcHypermediaManagementContextConfiguration; factoryMethodName=managementServletContext; initMethodName=null; destroyMethodName=(inferred); defined in class path resource [org/springframework/boot/actuate/autoconfigure/EndpointWebMvcHypermediaManagementContextConfiguration.class]] with [Root bean: class [null]; scope=; abstract=false; lazyInit=false; autowireMode=3; dependencyCheck=0; autowireCandidate=true; primary=false; factoryBeanName=org.springframework.boot.actuate.autoconfigure.EndpointWebMvcAutoConfiguration; factoryMethodName=managementServletContext; initMethodName=null; destroyMethodName=(inferred); defined in class path resource [org/springframework/boot/actuate/autoconfigure/EndpointWebMvcAutoConfiguration.class]]
2021-07-19 14:05:07.203  INFO [bootstrap,,,] 16360 --- [           main] o.s.b.f.s.DefaultListableBeanFactory     : Overriding bean definition for bean 'retryTemplate' with a different definition: replacing [Root bean: class [null]; scope=; abstract=false; lazyInit=false; autowireMode=3; dependencyCheck=0; autowireCandidate=true; primary=false; factoryBeanName=za.co.vodacom.ms.core.auditing.config.VodMsCoreAduitConfig; factoryMethodName=retryTemplate; initMethodName=null; destroyMethodName=(inferred); defined in za.co.vodacom.ms.core.auditing.config.VodMsCoreAduitConfig] with [Root bean: class [null]; scope=; abstract=false; lazyInit=false; autowireMode=3; dependencyCheck=0; autowireCandidate=true; primary=false; factoryBeanName=org.springframework.cloud.client.loadbalancer.LoadBalancerAutoConfiguration$RetryAutoConfiguration; factoryMethodName=retryTemplate; initMethodName=null; destroyMethodName=(inferred); defined in class path resource [org/springframework/cloud/client/loadbalancer/LoadBalancerAutoConfiguration$RetryAutoConfiguration.class]]
2021-07-19 14:05:07.829  INFO [bootstrap,,,] 16360 --- [           main] o.s.cloud.context.scope.GenericScope     : BeanFactory id=5ebdca0b-4ae6-3a8f-93e4-0ff43ba61b0b
2021-07-19 14:05:07.989  INFO [bootstrap,,,] 16360 --- [           main] f.a.AutowiredAnnotationBeanPostProcessor : JSR-330 'javax.inject.Inject' annotation found and supported for autowiring
2021-07-19 14:05:08.142  INFO [bootstrap,,,] 16360 --- [           main] trationDelegate$BeanPostProcessorChecker : Bean 'org.springframework.amqp.rabbit.annotation.RabbitBootstrapConfiguration' of type [org.springframework.amqp.rabbit.annotation.RabbitBootstrapConfiguration$$EnhancerBySpringCGLIB$$536b2d36] is not eligible for getting processed by all BeanPostProcessors (for example: not eligible for auto-proxying)
2021-07-19 14:05:08.257  INFO [bootstrap,,,] 16360 --- [           main] trationDelegate$BeanPostProcessorChecker : Bean 'org.springframework.ws.config.annotation.DelegatingWsConfiguration' of type [org.springframework.ws.config.annotation.DelegatingWsConfiguration$$EnhancerBySpringCGLIB$$31973407] is not eligible for getting processed by all BeanPostProcessors (for example: not eligible for auto-proxying)
2021-07-19 14:05:08.333  INFO [bootstrap,,,] 16360 --- [           main] .w.s.a.s.AnnotationActionEndpointMapping : Supporting [WS-Addressing August 2004, WS-Addressing 1.0]
2021-07-19 14:05:08.386  INFO [bootstrap,,,] 16360 --- [           main] trationDelegate$BeanPostProcessorChecker : Bean 'org.springframework.cloud.sleuth.instrument.async.AsyncDefaultAutoConfiguration$DefaultAsyncConfigurerSupport' of type [org.springframework.cloud.sleuth.instrument.async.AsyncDefaultAutoConfiguration$DefaultAsyncConfigurerSupport$$EnhancerBySpringCGLIB$$ca410ccb] is not eligible for getting processed by all BeanPostProcessors (for example: not eligible for auto-proxying)
2021-07-19 14:05:08.539  INFO [bootstrap,,,] 16360 --- [           main] trationDelegate$BeanPostProcessorChecker : Bean 'org.springframework.cloud.sleuth.annotation.SleuthAnnotationAutoConfiguration' of type [org.springframework.cloud.sleuth.annotation.SleuthAnnotationAutoConfiguration$$EnhancerBySpringCGLIB$$8f64b53a] is not eligible for getting processed by all BeanPostProcessors (for example: not eligible for auto-proxying)
2021-07-19 14:05:08.730  INFO [bootstrap,,,] 16360 --- [           main] trationDelegate$BeanPostProcessorChecker : Bean 'sleuthAdvisorConfig' of type [org.springframework.cloud.sleuth.annotation.SleuthAdvisorConfig] is not eligible for getting processed by all BeanPostProcessors (for example: not eligible for auto-proxying)
2021-07-19 14:05:08.861  INFO [bootstrap,,,] 16360 --- [           main] trationDelegate$BeanPostProcessorChecker : Bean 'io.micrometer.spring.autoconfigure.export.StringToDurationConverter' of type [io.micrometer.spring.autoconfigure.export.StringToDurationConverter] is not eligible for getting processed by all BeanPostProcessors (for example: not eligible for auto-proxying)
2021-07-19 14:05:08.911  INFO [bootstrap,,,] 16360 --- [           main] trationDelegate$BeanPostProcessorChecker : Bean 'security.oauth2.client-org.springframework.boot.autoconfigure.security.oauth2.OAuth2ClientProperties' of type [org.springframework.boot.autoconfigure.security.oauth2.OAuth2ClientProperties] is not eligible for getting processed by all BeanPostProcessors (for example: not eligible for auto-proxying)
2021-07-19 14:05:08.940  INFO [bootstrap,,,] 16360 --- [           main] trationDelegate$BeanPostProcessorChecker : Bean 'org.springframework.boot.autoconfigure.security.oauth2.OAuth2AutoConfiguration' of type [org.springframework.boot.autoconfigure.security.oauth2.OAuth2AutoConfiguration$$EnhancerBySpringCGLIB$$44492b08] is not eligible for getting processed by all BeanPostProcessors (for example: not eligible for auto-proxying)
2021-07-19 14:05:09.027  INFO [bootstrap,,,] 16360 --- [           main] trationDelegate$BeanPostProcessorChecker : Bean 'resourceServerProperties' of type [org.springframework.boot.autoconfigure.security.oauth2.resource.ResourceServerProperties] is not eligible for getting processed by all BeanPostProcessors (for example: not eligible for auto-proxying)
2021-07-19 14:05:09.247  INFO [bootstrap,,,] 16360 --- [           main] trationDelegate$BeanPostProcessorChecker : Bean 'org.springframework.cloud.autoconfigure.ConfigurationPropertiesRebinderAutoConfiguration' of type [org.springframework.cloud.autoconfigure.ConfigurationPropertiesRebinderAutoConfiguration$$EnhancerBySpringCGLIB$$a9197205] is not eligible for getting processed by all BeanPostProcessors (for example: not eligible for auto-proxying)
2021-07-19 14:05:09.346  INFO [bootstrap,,,] 16360 --- [           main] trationDelegate$BeanPostProcessorChecker : Bean 'org.springframework.cloud.sleuth.instrument.web.client.feign.TraceFeignClientAutoConfiguration$FeignBeanPostProcessorConfiguration' of type [org.springframework.cloud.sleuth.instrument.web.client.feign.TraceFeignClientAutoConfiguration$FeignBeanPostProcessorConfiguration$$EnhancerBySpringCGLIB$$cc9147ce] is not eligible for getting processed by all BeanPostProcessors (for example: not eligible for auto-proxying)
2021-07-19 14:05:09.418  INFO [bootstrap,,,] 16360 --- [           main] trationDelegate$BeanPostProcessorChecker : Bean 'org.springframework.cloud.sleuth.instrument.async.AsyncDefaultAutoConfiguration' of type [org.springframework.cloud.sleuth.instrument.async.AsyncDefaultAutoConfiguration$$EnhancerBySpringCGLIB$$74e31b27] is not eligible for getting processed by all BeanPostProcessors (for example: not eligible for auto-proxying)
2021-07-19 14:05:09.476  INFO [bootstrap,,,] 16360 --- [           main] trationDelegate$BeanPostProcessorChecker : Bean 'org.springframework.cloud.sleuth.instrument.web.client.TraceWebClientAutoConfiguration$TraceOAuthConfiguration' of type [org.springframework.cloud.sleuth.instrument.web.client.TraceWebClientAutoConfiguration$TraceOAuthConfiguration$$EnhancerBySpringCGLIB$$d1fc0167] is not eligible for getting processed by all BeanPostProcessors (for example: not eligible for auto-proxying)
2021-07-19 14:05:10.884  INFO [bootstrap,,,] 16360 --- [           main] org.xnio                                 : XNIO version 3.3.6.Final
2021-07-19 14:05:10.927  INFO [bootstrap,,,] 16360 --- [           main] org.xnio.nio                             : XNIO NIO Implementation Version 3.3.6.Final
2021-07-19 14:05:11.037  WARN [bootstrap,,,] 16360 --- [           main] io.undertow.websockets.jsr               : UT026009: XNIO worker was not set on WebSocketDeploymentInfo, the default worker will be used
2021-07-19 14:05:11.037  WARN [bootstrap,,,] 16360 --- [           main] io.undertow.websockets.jsr               : UT026010: Buffer pool was not set on WebSocketDeploymentInfo, the default pool will be used
2021-07-19 14:05:11.103  INFO [bootstrap,,,] 16360 --- [           main] io.undertow.servlet                      : Initializing Spring embedded WebApplicationContext
2021-07-19 14:05:11.104  INFO [bootstrap,,,] 16360 --- [           main] o.s.web.context.ContextLoader            : Root WebApplicationContext: initialization completed in 7990 ms
2021-07-19 14:05:15.375  WARN [bootstrap,,,] 16360 --- [           main] c.n.c.sources.URLConfigurationSource     : No URLs will be polled as dynamic configuration sources.
2021-07-19 14:05:15.375  INFO [bootstrap,,,] 16360 --- [           main] c.n.c.sources.URLConfigurationSource     : To enable URLs as dynamic configuration sources, define System property archaius.configurationSource.additionalUrls or make config.properties available on classpath.
2021-07-19 14:05:15.415  INFO [bootstrap,,,] 16360 --- [           main] c.netflix.config.DynamicPropertyFactory  : DynamicPropertyFactory is initialized with configuration sources: com.netflix.config.ConcurrentCompositeConfiguration@4c2b8df7
2021-07-19 14:05:16.403  INFO [bootstrap,,,] 16360 --- [           main] pertySourcedRequestMappingHandlerMapping : Mapped URL path [/v2/api-docs] onto method [public org.springframework.http.ResponseEntity<springfox.documentation.spring.web.json.Json> springfox.documentation.swagger2.web.Swagger2Controller.getDocumentation(java.lang.String,javax.servlet.http.HttpServletRequest)]
2021-07-19 14:05:20.337  INFO [bootstrap,,,] 16360 --- [           main] io.undertow.servlet                      : jolokia: No access restrictor found, access to any MBean is allowed
2021-07-19 14:05:21.833  INFO [bootstrap,,,] 16360 --- [           main] s.w.s.m.m.a.RequestMappingHandlerMapping : Mapped "{[/public-services/tests/hello],methods=[GET],produces=[application/json]}" onto public org.springframework.http.ResponseEntity<za.co.vodacom.ms.commons.dto.response.Result<za.co.vodacom.ms.customerInfo.model.customerInfoModel>> za.co.vodacom.ms.customerInfo.controllers.customerInfoController.sayHello()
2021-07-19 14:05:21.838  INFO [bootstrap,,,] 16360 --- [           main] s.w.s.m.m.a.RequestMappingHandlerMapping : Mapped "{[/swagger-resources/configuration/ui]}" onto public org.springframework.http.ResponseEntity<springfox.documentation.swagger.web.UiConfiguration> springfox.documentation.swagger.web.ApiResourceController.uiConfiguration()
2021-07-19 14:05:21.840  INFO [bootstrap,,,] 16360 --- [           main] s.w.s.m.m.a.RequestMappingHandlerMapping : Mapped "{[/swagger-resources]}" onto public org.springframework.http.ResponseEntity<java.util.List<springfox.documentation.swagger.web.SwaggerResource>> springfox.documentation.swagger.web.ApiResourceController.swaggerResources()
2021-07-19 14:05:21.841  INFO [bootstrap,,,] 16360 --- [           main] s.w.s.m.m.a.RequestMappingHandlerMapping : Mapped "{[/swagger-resources/configuration/security]}" onto public org.springframework.http.ResponseEntity<springfox.documentation.swagger.web.SecurityConfiguration> springfox.documentation.swagger.web.ApiResourceController.securityConfiguration()
2021-07-19 14:05:21.846  INFO [bootstrap,,,] 16360 --- [           main] s.w.s.m.m.a.RequestMappingHandlerMapping : Mapped "{[/error]}" onto public org.springframework.http.ResponseEntity<java.util.Map<java.lang.String, java.lang.Object>> org.springframework.boot.autoconfigure.web.BasicErrorController.error(javax.servlet.http.HttpServletRequest)
2021-07-19 14:05:21.846  INFO [bootstrap,,,] 16360 --- [           main] s.w.s.m.m.a.RequestMappingHandlerMapping : Mapped "{[/error],produces=[text/html]}" onto public org.springframework.web.servlet.ModelAndView org.springframework.boot.autoconfigure.web.BasicErrorController.errorHtml(javax.servlet.http.HttpServletRequest,javax.servlet.http.HttpServletResponse)
2021-07-19 14:05:22.226  INFO [bootstrap,,,] 16360 --- [           main] o.s.w.s.handler.SimpleUrlHandlerMapping  : Mapped URL path [/webjars/**] onto handler of type [class org.springframework.web.servlet.resource.ResourceHttpRequestHandler]
2021-07-19 14:05:22.226  INFO [bootstrap,,,] 16360 --- [           main] o.s.w.s.handler.SimpleUrlHandlerMapping  : Mapped URL path [/**] onto handler of type [class org.springframework.web.servlet.resource.ResourceHttpRequestHandler]
2021-07-19 14:05:22.486  INFO [bootstrap,,,] 16360 --- [           main] o.s.w.s.handler.SimpleUrlHandlerMapping  : Mapped URL path [/**/favicon.ico] onto handler of type [class org.springframework.web.servlet.resource.ResourceHttpRequestHandler]
2021-07-19 14:05:24.470  INFO [bootstrap,,,] 16360 --- [           main] o.s.b.a.e.mvc.EndpointHandlerMapping     : Mapped "{[/manage/autoconfig || /manage/autoconfig.json],methods=[GET],produces=[application/vnd.spring-boot.actuator.v1+json || application/json]}" onto public java.lang.Object org.springframework.boot.actuate.endpoint.mvc.EndpointMvcAdapter.invoke()
2021-07-19 14:05:24.471  INFO [bootstrap,,,] 16360 --- [           main] o.s.b.a.e.mvc.EndpointHandlerMapping     : Mapped "{[/manage/dump || /manage/dump.json],methods=[GET],produces=[application/vnd.spring-boot.actuator.v1+json || application/json]}" onto public java.lang.Object org.springframework.boot.actuate.endpoint.mvc.EndpointMvcAdapter.invoke()
2021-07-19 14:05:24.471  INFO [bootstrap,,,] 16360 --- [           main] o.s.b.a.e.mvc.EndpointHandlerMapping     : Mapped "{[/manage/pause || /manage/pause.json],methods=[POST]}" onto public java.lang.Object org.springframework.cloud.endpoint.GenericPostableMvcEndpoint.invoke()
2021-07-19 14:05:24.472  INFO [bootstrap,,,] 16360 --- [           main] o.s.b.a.e.mvc.EndpointHandlerMapping     : Mapped "{[/manage/info || /manage/info.json],methods=[GET],produces=[application/vnd.spring-boot.actuator.v1+json || application/json]}" onto public java.lang.Object org.springframework.boot.actuate.endpoint.mvc.EndpointMvcAdapter.invoke()
2021-07-19 14:05:24.475  INFO [bootstrap,,,] 16360 --- [           main] o.s.b.a.e.mvc.EndpointHandlerMapping     : Mapped "{[/manage/loggers/{name:.*}],methods=[GET],produces=[application/vnd.spring-boot.actuator.v1+json || application/json]}" onto public java.lang.Object org.springframework.boot.actuate.endpoint.mvc.LoggersMvcEndpoint.get(java.lang.String)
2021-07-19 14:05:24.475  INFO [bootstrap,,,] 16360 --- [           main] o.s.b.a.e.mvc.EndpointHandlerMapping     : Mapped "{[/manage/loggers/{name:.*}],methods=[POST],consumes=[application/vnd.spring-boot.actuator.v1+json || application/json],produces=[application/vnd.spring-boot.actuator.v1+json || application/json]}" onto public java.lang.Object org.springframework.boot.actuate.endpoint.mvc.LoggersMvcEndpoint.set(java.lang.String,java.util.Map<java.lang.String, java.lang.String>)
2021-07-19 14:05:24.476  INFO [bootstrap,,,] 16360 --- [           main] o.s.b.a.e.mvc.EndpointHandlerMapping     : Mapped "{[/manage/loggers || /manage/loggers.json],methods=[GET],produces=[application/vnd.spring-boot.actuator.v1+json || application/json]}" onto public java.lang.Object org.springframework.boot.actuate.endpoint.mvc.EndpointMvcAdapter.invoke()
2021-07-19 14:05:24.476  INFO [bootstrap,,,] 16360 --- [           main] o.s.b.a.e.mvc.EndpointHandlerMapping     : Mapped "{[/manage/features || /manage/features.json],methods=[GET],produces=[application/vnd.spring-boot.actuator.v1+json || application/json]}" onto public java.lang.Object org.springframework.boot.actuate.endpoint.mvc.EndpointMvcAdapter.invoke()
2021-07-19 14:05:24.477  INFO [bootstrap,,,] 16360 --- [           main] o.s.b.a.e.mvc.EndpointHandlerMapping     : Mapped "{[/manage/heapdump || /manage/heapdump.json],methods=[GET],produces=[application/octet-stream]}" onto public void org.springframework.boot.actuate.endpoint.mvc.HeapdumpMvcEndpoint.invoke(boolean,javax.servlet.http.HttpServletRequest,javax.servlet.http.HttpServletResponse) throws java.io.IOException,javax.servlet.ServletException
2021-07-19 14:05:24.478  INFO [bootstrap,,,] 16360 --- [           main] o.s.b.a.e.mvc.EndpointHandlerMapping     : Mapped "{[/manage/trace || /manage/trace.json],methods=[GET],produces=[application/vnd.spring-boot.actuator.v1+json || application/json]}" onto public java.lang.Object org.springframework.boot.actuate.endpoint.mvc.EndpointMvcAdapter.invoke()
2021-07-19 14:05:24.479  INFO [bootstrap,,,] 16360 --- [           main] o.s.b.a.e.mvc.EndpointHandlerMapping     : Mapped "{[/manage/hystrix.stream/**]}" onto public org.springframework.web.servlet.ModelAndView org.springframework.cloud.netflix.endpoint.ServletWrappingEndpoint.handle(javax.servlet.http.HttpServletRequest,javax.servlet.http.HttpServletResponse) throws java.lang.Exception
2021-07-19 14:05:24.480  INFO [bootstrap,,,] 16360 --- [           main] o.s.b.a.e.mvc.EndpointHandlerMapping     : Mapped "{[/manage/archaius || /manage/archaius.json],methods=[GET],produces=[application/vnd.spring-boot.actuator.v1+json || application/json]}" onto public java.lang.Object org.springframework.boot.actuate.endpoint.mvc.EndpointMvcAdapter.invoke()
2021-07-19 14:05:24.482  INFO [bootstrap,,,] 16360 --- [           main] o.s.b.a.e.mvc.EndpointHandlerMapping     : Mapped "{[/manage || /manage.json],methods=[GET],produces=[application/vnd.spring-boot.actuator.v1+json || application/json]}" onto public org.springframework.hateoas.ResourceSupport org.springframework.boot.actuate.endpoint.mvc.HalJsonMvcEndpoint.links()
2021-07-19 14:05:24.483  INFO [bootstrap,,,] 16360 --- [           main] o.s.b.a.e.mvc.EndpointHandlerMapping     : Mapped "{[/manage/refresh || /manage/refresh.json],methods=[POST]}" onto public java.lang.Object org.springframework.cloud.endpoint.GenericPostableMvcEndpoint.invoke()
2021-07-19 14:05:24.485  INFO [bootstrap,,,] 16360 --- [           main] o.s.b.a.e.mvc.EndpointHandlerMapping     : Mapped "{[/manage/resume || /manage/resume.json],methods=[POST]}" onto public java.lang.Object org.springframework.cloud.endpoint.GenericPostableMvcEndpoint.invoke()
2021-07-19 14:05:24.486  INFO [bootstrap,,,] 16360 --- [           main] o.s.b.a.e.mvc.EndpointHandlerMapping     : Mapped "{[/manage/mappings || /manage/mappings.json],methods=[GET],produces=[application/vnd.spring-boot.actuator.v1+json || application/json]}" onto public java.lang.Object org.springframework.boot.actuate.endpoint.mvc.EndpointMvcAdapter.invoke()
2021-07-19 14:05:24.487  INFO [bootstrap,,,] 16360 --- [           main] o.s.b.a.e.mvc.EndpointHandlerMapping     : Mapped "{[/manage/auditevents || /manage/auditevents.json],methods=[GET],produces=[application/vnd.spring-boot.actuator.v1+json || application/json]}" onto public org.springframework.http.ResponseEntity<?> org.springframework.boot.actuate.endpoint.mvc.AuditEventsMvcEndpoint.findByPrincipalAndAfterAndType(java.lang.String,java.util.Date,java.lang.String)
2021-07-19 14:05:24.488  INFO [bootstrap,,,] 16360 --- [           main] o.s.b.a.e.mvc.EndpointHandlerMapping     : Mapped "{[/manage/env/{name:.*}],methods=[GET],produces=[application/vnd.spring-boot.actuator.v1+json || application/json]}" onto public java.lang.Object org.springframework.boot.actuate.endpoint.mvc.EnvironmentMvcEndpoint.value(java.lang.String)
2021-07-19 14:05:24.488  INFO [bootstrap,,,] 16360 --- [           main] o.s.b.a.e.mvc.EndpointHandlerMapping     : Mapped "{[/manage/env || /manage/env.json],methods=[GET],produces=[application/vnd.spring-boot.actuator.v1+json || application/json]}" onto public java.lang.Object org.springframework.boot.actuate.endpoint.mvc.EndpointMvcAdapter.invoke()
2021-07-19 14:05:24.489  INFO [bootstrap,,,] 16360 --- [           main] o.s.b.a.e.mvc.EndpointHandlerMapping     : Mapped "{[/manage/restart || /manage/restart.json],methods=[POST]}" onto public java.lang.Object org.springframework.cloud.context.restart.RestartMvcEndpoint.invoke()
2021-07-19 14:05:24.490  INFO [bootstrap,,,] 16360 --- [           main] o.s.b.a.e.mvc.EndpointHandlerMapping     : Mapped "{[/manage/health || /manage/health.json],methods=[GET],produces=[application/vnd.spring-boot.actuator.v1+json || application/json]}" onto public java.lang.Object org.springframework.boot.actuate.endpoint.mvc.HealthMvcEndpoint.invoke(javax.servlet.http.HttpServletRequest,java.security.Principal)
2021-07-19 14:05:24.493  INFO [bootstrap,,,] 16360 --- [           main] o.s.b.a.e.mvc.EndpointHandlerMapping     : Mapped "{[/manage/prometheus || /manage/prometheus.json],methods=[GET]}" onto public java.lang.Object io.micrometer.spring.export.prometheus.PrometheusScrapeMvcEndpoint.invoke()
2021-07-19 14:05:24.494  INFO [bootstrap,,,] 16360 --- [           main] o.s.b.a.e.mvc.EndpointHandlerMapping     : Mapped "{[/manage/configprops || /manage/configprops.json],methods=[GET],produces=[application/vnd.spring-boot.actuator.v1+json || application/json]}" onto public java.lang.Object org.springframework.boot.actuate.endpoint.mvc.EndpointMvcAdapter.invoke()
2021-07-19 14:05:24.495  INFO [bootstrap,,,] 16360 --- [           main] o.s.b.a.e.mvc.EndpointHandlerMapping     : Mapped "{[/manage/beans || /manage/beans.json],methods=[GET],produces=[application/vnd.spring-boot.actuator.v1+json || application/json]}" onto public java.lang.Object org.springframework.boot.actuate.endpoint.mvc.EndpointMvcAdapter.invoke()
2021-07-19 14:05:24.496  INFO [bootstrap,,,] 16360 --- [           main] o.s.b.a.e.mvc.EndpointHandlerMapping     : Mapped "{[/manage/jolokia/**]}" onto public org.springframework.web.servlet.ModelAndView org.springframework.boot.actuate.endpoint.mvc.JolokiaMvcEndpoint.handle(javax.servlet.http.HttpServletRequest,javax.servlet.http.HttpServletResponse) throws java.lang.Exception
2021-07-19 14:05:24.497  INFO [bootstrap,,,] 16360 --- [           main] o.s.b.a.e.mvc.EndpointHandlerMapping     : Mapped "{[/manage/env],methods=[POST]}" onto public java.lang.Object org.springframework.cloud.context.environment.EnvironmentManagerMvcEndpoint.value(java.util.Map<java.lang.String, java.lang.String>)
2021-07-19 14:05:24.497  INFO [bootstrap,,,] 16360 --- [           main] o.s.b.a.e.mvc.EndpointHandlerMapping     : Mapped "{[/manage/env/reset],methods=[POST]}" onto public java.util.Map<java.lang.String, java.lang.Object> org.springframework.cloud.context.environment.EnvironmentManagerMvcEndpoint.reset()
2021-07-19 14:05:24.966  INFO [bootstrap,,,] 16360 --- [           main] o.s.b.w.servlet.FilterRegistrationBean   : Mapping filter: 'characterEncodingFilter' to: [/*]
2021-07-19 14:05:24.968  INFO [bootstrap,,,] 16360 --- [           main] o.s.b.w.servlet.FilterRegistrationBean   : Mapping filter: 'webMetricsFilter' to: [/*]
2021-07-19 14:05:24.969  INFO [bootstrap,,,] 16360 --- [           main] o.s.b.w.servlet.FilterRegistrationBean   : Mapping filter: 'traceFilter' to: [/*]
2021-07-19 14:05:24.969  INFO [bootstrap,,,] 16360 --- [           main] o.s.b.w.servlet.FilterRegistrationBean   : Mapping filter: 'hiddenHttpMethodFilter' to: [/*]
2021-07-19 14:05:24.969  INFO [bootstrap,,,] 16360 --- [           main] o.s.b.w.servlet.FilterRegistrationBean   : Mapping filter: 'httpPutFormContentFilter' to: [/*]
2021-07-19 14:05:24.969  INFO [bootstrap,,,] 16360 --- [           main] o.s.b.w.servlet.FilterRegistrationBean   : Mapping filter: 'requestContextFilter' to: [/*]
2021-07-19 14:05:24.971  INFO [bootstrap,,,] 16360 --- [           main] .s.DelegatingFilterProxyRegistrationBean : Mapping filter: 'springSecurityFilterChain' to: [/*]
2021-07-19 14:05:24.972  INFO [bootstrap,,,] 16360 --- [           main] o.s.b.w.servlet.FilterRegistrationBean   : Mapping filter: 'webRequestLoggingFilter' to: [/*]
2021-07-19 14:05:24.972  INFO [bootstrap,,,] 16360 --- [           main] o.s.b.w.servlet.FilterRegistrationBean   : Mapping filter: 'logfilter' to: [/*]
2021-07-19 14:05:24.972  INFO [bootstrap,,,] 16360 --- [           main] o.s.b.w.servlet.FilterRegistrationBean   : Mapping filter: 'applicationContextIdFilter' to: [/*]
2021-07-19 14:05:24.972  INFO [bootstrap,,,] 16360 --- [           main] o.s.b.w.servlet.ServletRegistrationBean  : Mapping servlet: 'dispatcherServlet' to [/]
2021-07-19 14:05:24.977  INFO [bootstrap,,,] 16360 --- [           main] o.s.b.w.servlet.ServletRegistrationBean  : Mapping servlet: 'messageDispatcherServlet' to [/services/*]
2021-07-19 14:05:31.550  INFO [bootstrap,,,] 16360 --- [           main] o.s.c.w.DefaultContextLoadTimeWeaver     : Found Spring's JVM agent for instrumentation
2021-07-19 14:05:31.563  INFO [bootstrap,,,] 16360 --- [           main] o.s.c.w.DefaultContextLoadTimeWeaver     : Found Spring's JVM agent for instrumentation
2021-07-19 14:05:32.937  WARN [bootstrap,,,] 16360 --- [           main] c.n.c.sources.URLConfigurationSource     : No URLs will be polled as dynamic configuration sources.
2021-07-19 14:05:32.937  INFO [bootstrap,,,] 16360 --- [           main] c.n.c.sources.URLConfigurationSource     : To enable URLs as dynamic configuration sources, define System property archaius.configurationSource.additionalUrls or make config.properties available on classpath.
2021-07-19 14:05:33.974  INFO [bootstrap,,,] 16360 --- [           main] s.w.s.m.m.a.RequestMappingHandlerAdapter : Looking for @ControllerAdvice: org.springframework.boot.context.embedded.AnnotationConfigEmbeddedWebApplicationContext@314b9e4b: startup date [Mon Jul 19 14:05:03 CAT 2021]; parent: org.springframework.context.annotation.AnnotationConfigApplicationContext@56781d96
2021-07-19 14:05:33.986  INFO [bootstrap,,,] 16360 --- [           main] s.w.s.m.m.a.RequestMappingHandlerAdapter : Detected ResponseBodyAdvice bean in org.springframework.boot.actuate.autoconfigure.EndpointWebMvcHypermediaManagementContextConfiguration$ActuatorEndpointLinksAdvice
2021-07-19 14:05:34.313  INFO [bootstrap,,,] 16360 --- [           main] .m.m.a.ExceptionHandlerExceptionResolver : Detected @ExceptionHandler methods in vodMSGlobalErrorDecoder
2021-07-19 14:05:34.313  INFO [bootstrap,,,] 16360 --- [           main] .m.m.a.ExceptionHandlerExceptionResolver : Detected ResponseBodyAdvice implementation in org.springframework.boot.actuate.autoconfigure.EndpointWebMvcHypermediaManagementContextConfiguration$ActuatorEndpointLinksAdvice
2021-07-19 14:05:34.919  INFO [bootstrap,,,] 16360 --- [           main] c.e.w.starter.WireMockAutoConfiguration  : Starting WireMock on port 57666
2021-07-19 14:05:35.666  INFO [bootstrap,,,] 16360 --- [           main] wiremock.org.eclipse.jetty.util.log      : Logging initialized @46227ms
2021-07-19 14:05:37.855  INFO [bootstrap,,,] 16360 --- [           main] b.a.s.AuthenticationManagerConfiguration : 

Using default security password: 12c5891e-da16-4873-955f-364a0f6f95b0

2021-07-19 14:05:38.289  INFO [bootstrap,,,] 16360 --- [           main] o.s.s.web.DefaultSecurityFilterChain     : Creating filter chain: OrRequestMatcher [requestMatchers=[Ant [pattern='/css/**'], Ant [pattern='/js/**'], Ant [pattern='/images/**'], Ant [pattern='/webjars/**'], Ant [pattern='/**/favicon.ico'], Ant [pattern='/error']]], []
2021-07-19 14:05:38.289  INFO [bootstrap,,,] 16360 --- [           main] o.s.s.web.DefaultSecurityFilterChain     : Creating filter chain: Ant [pattern='/manage/**'], []
2021-07-19 14:05:38.646  INFO [bootstrap,,,] 16360 --- [           main] o.s.s.web.DefaultSecurityFilterChain     : Creating filter chain: org.springframework.security.web.util.matcher.AnyRequestMatcher@1, [org.springframework.security.web.context.request.async.WebAsyncManagerIntegrationFilter@535708fd, org.springframework.security.web.context.SecurityContextPersistenceFilter@13b6cd6, org.springframework.security.web.header.HeaderWriterFilter@257ec110, org.springframework.security.web.authentication.logout.LogoutFilter@54e0ea1, org.springframework.security.oauth2.provider.authentication.OAuth2AuthenticationProcessingFilter@546c1d23, org.springframework.security.web.savedrequest.RequestCacheAwareFilter@1e5b0fe9, org.springframework.security.web.servletapi.SecurityContextHolderAwareRequestFilter@169daea9, org.springframework.security.web.authentication.AnonymousAuthenticationFilter@60d31564, org.springframework.security.web.session.SessionManagementFilter@5ab85072, org.springframework.security.web.access.ExceptionTranslationFilter@378c7bc9, org.springframework.security.web.access.intercept.FilterSecurityInterceptor@3e42ead4]
2021-07-19 14:05:38.724  INFO [bootstrap,,,] 16360 --- [           main] o.s.s.web.DefaultSecurityFilterChain     : Creating filter chain: OrRequestMatcher [requestMatchers=[Ant [pattern='/**']]], [org.springframework.security.web.context.request.async.WebAsyncManagerIntegrationFilter@3da3d0f5, org.springframework.security.web.context.SecurityContextPersistenceFilter@5e5ebb7c, org.springframework.security.web.header.HeaderWriterFilter@42c309e9, org.springframework.security.web.authentication.logout.LogoutFilter@35b1a8b0, org.springframework.security.web.authentication.www.BasicAuthenticationFilter@622dbdb6, org.springframework.security.web.savedrequest.RequestCacheAwareFilter@1901fa4a, org.springframework.security.web.servletapi.SecurityContextHolderAwareRequestFilter@435734c2, org.springframework.security.web.authentication.AnonymousAuthenticationFilter@7ffcb0a0, org.springframework.security.web.session.SessionManagementFilter@6ec4a04a, org.springframework.security.web.access.ExceptionTranslationFilter@2e4d2aaf, org.springframework.security.web.access.intercept.FilterSecurityInterceptor@1a7cefd9]
2021-07-19 14:05:38.924  INFO [bootstrap,,,] 16360 --- [           main] o.s.l.c.support.AbstractContextSource    : Property 'userDn' not set - anonymous context will be used for read-write operations
2021-07-19 14:05:41.801  INFO [bootstrap,,,] 16360 --- [           main] o.s.cloud.commons.util.InetUtils         : Cannot determine local hostname
2021-07-19 14:05:42.758  INFO [bootstrap,,,] 16360 --- [           main] o.s.s.c.ThreadPoolTaskScheduler          : Initializing ExecutorService 
2021-07-19 14:05:44.627  INFO [bootstrap,,,] 16360 --- [           main] io.undertow.servlet                      : jolokia: No access restrictor found, access to any MBean is allowed
2021-07-19 14:05:44.638  INFO [bootstrap,,,] 16360 --- [           main] io.undertow.servlet                      : jolokia: jolokia:type=Config is already registered. Adding it with jolokia:type=Config,uuid=6c132d49-3fc9-4308-825a-aa2f4020fdac, but you should revise your setup in order to either use a qualifier or ensure, that only a single agent gets registered (otherwise history functionality might not work)
2021-07-19 14:05:44.638  INFO [bootstrap,,,] 16360 --- [           main] io.undertow.servlet                      : jolokia: Cannot register (legacy) MBean handler for config store with name jmx4perl:type=Config since it already exists. This is the case if another agent has been already started within the same JVM. The registration is skipped.
2021-07-19 14:05:44.638  INFO [bootstrap,,,] 16360 --- [           main] io.undertow.servlet                      : jolokia: Jolokia Discovery MBean registration is skipped because there is already one registered.
2021-07-19 14:05:44.793  INFO [bootstrap,,,] 16360 --- [           main] o.s.c.support.DefaultLifecycleProcessor  : Starting beans in phase -2147482648
2021-07-19 14:05:44.793  INFO [bootstrap,,,] 16360 --- [           main] o.s.c.support.DefaultLifecycleProcessor  : Starting beans in phase 2147483647
2021-07-19 14:05:44.794  INFO [bootstrap,,,] 16360 --- [           main] d.s.w.p.DocumentationPluginsBootstrapper : Context refreshed
2021-07-19 14:05:44.864  INFO [bootstrap,,,] 16360 --- [           main] d.s.w.p.DocumentationPluginsBootstrapper : Found 1 custom documentation plugin(s)
2021-07-19 14:05:45.013  INFO [bootstrap,,,] 16360 --- [           main] s.d.s.w.s.ApiListingReferenceScanner     : Scanning for api listing references
2021-07-19 14:05:45.299  INFO [bootstrap,,,] 16360 --- [           main] ration$HystrixMetricsPollerConfiguration : Starting poller
2021-07-19 14:05:45.499  INFO [bootstrap,,,] 16360 --- [           main] b.c.e.u.UndertowEmbeddedServletContainer : Undertow started on port(s) 55150 (http)
2021-07-19 14:05:45.530  INFO [bootstrap,,,] 16360 --- [           main] z.c.v.m.c.c.customerInfoControllerTest   : Started customerInfoControllerTest in 50.106 seconds (JVM running for 56.09)
2021-07-19 14:05:45.873  INFO [bootstrap,,,] 16360 --- [           main] w.org.eclipse.jetty.server.Server        : jetty-9.2.z-SNAPSHOT
2021-07-19 14:05:45.905  INFO [bootstrap,,,] 16360 --- [           main] w.o.e.j.server.handler.ContextHandler    : Started w.o.e.j.s.ServletContextHandler@34d78731{/__admin,null,AVAILABLE}
2021-07-19 14:05:45.910  INFO [bootstrap,,,] 16360 --- [           main] w.o.e.j.server.handler.ContextHandler    : Started w.o.e.j.s.ServletContextHandler@6d4f6815{/,null,AVAILABLE}
2021-07-19 14:05:45.923  INFO [bootstrap,,,] 16360 --- [           main] w.o.e.j.s.NetworkTrafficServerConnector  : Started NetworkTrafficServerConnector@31f3d1ce{HTTP/1.1}{0.0.0.0:57666}
2021-07-19 14:05:45.924  INFO [bootstrap,,,] 16360 --- [           main] w.org.eclipse.jetty.server.Server        : Started @56484ms
]]></system-out>
    <system-err><![CDATA[[SunClassLoader@7eba6714] info AspectJ Weaver Version 1.8.9 built on Monday Mar 14, 2016 at 21:18:16 GMT
[SunClassLoader@7eba6714] info register classloader org.codehaus.groovy.reflection.SunClassLoader@7eba6714
[SunClassLoader@7eba6714] info using configuration file:/C:/Users/masek002/.m2/repository/za/co/vodacom/ms/vod-ms-core-spring/2.0.6-RELEASE/vod-ms-core-spring-2.0.6-RELEASE.jar!/META-INF/aop.xml
[SunClassLoader@7eba6714] info using configuration file:/C:/Users/masek002/.m2/repository/za/co/vodacom/ms/core/vod-ms-core-logging/1.0.30-RELEASE/vod-ms-core-logging-1.0.30-RELEASE.jar!/META-INF/aop.xml
[SunClassLoader@7eba6714] info using configuration file:/C:/Users/masek002/.m2/repository/za/co/vodacom/ms/core/vod-ms-core-auditing/1.0.20-RELEASE/vod-ms-core-auditing-1.0.20-RELEASE.jar!/META-INF/aop.xml
[SunClassLoader@7eba6714] info register aspect za.co.vodacom.ms.config.VodMsMetricsAspect
[SunClassLoader@7eba6714] info register aspect za.co.vodacom.ms.core.logging.aspects.VodAopExceptionLogging
[SunClassLoader@7eba6714] info register aspect za.co.vodacom.ms.core.logging.aspects.VodAopMethodLogging
[SunClassLoader@7eba6714] info register aspect za.co.vodacom.ms.core.logging.aspects.VodAopRxLogging
[SunClassLoader@7eba6714] info register aspect za.co.vodacom.ms.core.auditing.aspect.VodMsAopAudit
[CallSiteClassLoader@4257adf9] info AspectJ Weaver Version 1.8.9 built on Monday Mar 14, 2016 at 21:18:16 GMT
[CallSiteClassLoader@4257adf9] info register classloader org.codehaus.groovy.runtime.callsite.CallSiteClassLoader@4257adf9
[CallSiteClassLoader@4257adf9] info using configuration file:/C:/Users/masek002/.m2/repository/za/co/vodacom/ms/vod-ms-core-spring/2.0.6-RELEASE/vod-ms-core-spring-2.0.6-RELEASE.jar!/META-INF/aop.xml
[CallSiteClassLoader@4257adf9] info using configuration file:/C:/Users/masek002/.m2/repository/za/co/vodacom/ms/core/vod-ms-core-logging/1.0.30-RELEASE/vod-ms-core-logging-1.0.30-RELEASE.jar!/META-INF/aop.xml
[CallSiteClassLoader@4257adf9] info using configuration file:/C:/Users/masek002/.m2/repository/za/co/vodacom/ms/core/vod-ms-core-auditing/1.0.20-RELEASE/vod-ms-core-auditing-1.0.20-RELEASE.jar!/META-INF/aop.xml
[CallSiteClassLoader@4257adf9] info register aspect za.co.vodacom.ms.config.VodMsMetricsAspect
[CallSiteClassLoader@4257adf9] info register aspect za.co.vodacom.ms.core.logging.aspects.VodAopExceptionLogging
[CallSiteClassLoader@4257adf9] info register aspect za.co.vodacom.ms.core.logging.aspects.VodAopMethodLogging
[CallSiteClassLoader@4257adf9] info register aspect za.co.vodacom.ms.core.logging.aspects.VodAopRxLogging
[CallSiteClassLoader@4257adf9] info register aspect za.co.vodacom.ms.core.auditing.aspect.VodMsAopAudit
[CallSiteClassLoader@5033ff30] info AspectJ Weaver Version 1.8.9 built on Monday Mar 14, 2016 at 21:18:16 GMT
[CallSiteClassLoader@5033ff30] info register classloader org.codehaus.groovy.runtime.callsite.CallSiteClassLoader@5033ff30
[CallSiteClassLoader@5033ff30] info using configuration file:/C:/Users/masek002/.m2/repository/za/co/vodacom/ms/vod-ms-core-spring/2.0.6-RELEASE/vod-ms-core-spring-2.0.6-RELEASE.jar!/META-INF/aop.xml
[CallSiteClassLoader@5033ff30] info using configuration file:/C:/Users/masek002/.m2/repository/za/co/vodacom/ms/core/vod-ms-core-logging/1.0.30-RELEASE/vod-ms-core-logging-1.0.30-RELEASE.jar!/META-INF/aop.xml
[CallSiteClassLoader@5033ff30] info using configuration file:/C:/Users/masek002/.m2/repository/za/co/vodacom/ms/core/vod-ms-core-auditing/1.0.20-RELEASE/vod-ms-core-auditing-1.0.20-RELEASE.jar!/META-INF/aop.xml
[CallSiteClassLoader@5033ff30] info register aspect za.co.vodacom.ms.config.VodMsMetricsAspect
[CallSiteClassLoader@5033ff30] info register aspect za.co.vodacom.ms.core.logging.aspects.VodAopExceptionLogging
[CallSiteClassLoader@5033ff30] info register aspect za.co.vodacom.ms.core.logging.aspects.VodAopMethodLogging
[CallSiteClassLoader@5033ff30] info register aspect za.co.vodacom.ms.core.logging.aspects.VodAopRxLogging
[CallSiteClassLoader@5033ff30] info register aspect za.co.vodacom.ms.core.auditing.aspect.VodMsAopAudit
[CallSiteClassLoader@ad312d] info AspectJ Weaver Version 1.8.9 built on Monday Mar 14, 2016 at 21:18:16 GMT
[CallSiteClassLoader@ad312d] info register classloader org.codehaus.groovy.runtime.callsite.CallSiteClassLoader@ad312d
[CallSiteClassLoader@ad312d] info using configuration file:/C:/Users/masek002/.m2/repository/za/co/vodacom/ms/vod-ms-core-spring/2.0.6-RELEASE/vod-ms-core-spring-2.0.6-RELEASE.jar!/META-INF/aop.xml
[CallSiteClassLoader@ad312d] info using configuration file:/C:/Users/masek002/.m2/repository/za/co/vodacom/ms/core/vod-ms-core-logging/1.0.30-RELEASE/vod-ms-core-logging-1.0.30-RELEASE.jar!/META-INF/aop.xml
[CallSiteClassLoader@ad312d] info using configuration file:/C:/Users/masek002/.m2/repository/za/co/vodacom/ms/core/vod-ms-core-auditing/1.0.20-RELEASE/vod-ms-core-auditing-1.0.20-RELEASE.jar!/META-INF/aop.xml
[CallSiteClassLoader@ad312d] info register aspect za.co.vodacom.ms.config.VodMsMetricsAspect
[CallSiteClassLoader@ad312d] info register aspect za.co.vodacom.ms.core.logging.aspects.VodAopExceptionLogging
[CallSiteClassLoader@ad312d] info register aspect za.co.vodacom.ms.core.logging.aspects.VodAopMethodLogging
[CallSiteClassLoader@ad312d] info register aspect za.co.vodacom.ms.core.logging.aspects.VodAopRxLogging
[CallSiteClassLoader@ad312d] info register aspect za.co.vodacom.ms.core.auditing.aspect.VodMsAopAudit
[CallSiteClassLoader@2ac90548] info AspectJ Weaver Version 1.8.9 built on Monday Mar 14, 2016 at 21:18:16 GMT
[CallSiteClassLoader@2ac90548] info register classloader org.codehaus.groovy.runtime.callsite.CallSiteClassLoader@2ac90548
[CallSiteClassLoader@2ac90548] info using configuration file:/C:/Users/masek002/.m2/repository/za/co/vodacom/ms/vod-ms-core-spring/2.0.6-RELEASE/vod-ms-core-spring-2.0.6-RELEASE.jar!/META-INF/aop.xml
[CallSiteClassLoader@2ac90548] info using configuration file:/C:/Users/masek002/.m2/repository/za/co/vodacom/ms/core/vod-ms-core-logging/1.0.30-RELEASE/vod-ms-core-logging-1.0.30-RELEASE.jar!/META-INF/aop.xml
[CallSiteClassLoader@2ac90548] info using configuration file:/C:/Users/masek002/.m2/repository/za/co/vodacom/ms/core/vod-ms-core-auditing/1.0.20-RELEASE/vod-ms-core-auditing-1.0.20-RELEASE.jar!/META-INF/aop.xml
[CallSiteClassLoader@2ac90548] info register aspect za.co.vodacom.ms.config.VodMsMetricsAspect
[CallSiteClassLoader@2ac90548] info register aspect za.co.vodacom.ms.core.logging.aspects.VodAopExceptionLogging
[CallSiteClassLoader@2ac90548] info register aspect za.co.vodacom.ms.core.logging.aspects.VodAopMethodLogging
[CallSiteClassLoader@2ac90548] info register aspect za.co.vodacom.ms.core.logging.aspects.VodAopRxLogging
[CallSiteClassLoader@2ac90548] info register aspect za.co.vodacom.ms.core.auditing.aspect.VodMsAopAudit
[CallSiteClassLoader@34b3127b] info AspectJ Weaver Version 1.8.9 built on Monday Mar 14, 2016 at 21:18:16 GMT
[CallSiteClassLoader@34b3127b] info register classloader org.codehaus.groovy.runtime.callsite.CallSiteClassLoader@34b3127b
[CallSiteClassLoader@34b3127b] info using configuration file:/C:/Users/masek002/.m2/repository/za/co/vodacom/ms/vod-ms-core-spring/2.0.6-RELEASE/vod-ms-core-spring-2.0.6-RELEASE.jar!/META-INF/aop.xml
[CallSiteClassLoader@34b3127b] info using configuration file:/C:/Users/masek002/.m2/repository/za/co/vodacom/ms/core/vod-ms-core-logging/1.0.30-RELEASE/vod-ms-core-logging-1.0.30-RELEASE.jar!/META-INF/aop.xml
[CallSiteClassLoader@34b3127b] info using configuration file:/C:/Users/masek002/.m2/repository/za/co/vodacom/ms/core/vod-ms-core-auditing/1.0.20-RELEASE/vod-ms-core-auditing-1.0.20-RELEASE.jar!/META-INF/aop.xml
[CallSiteClassLoader@34b3127b] info register aspect za.co.vodacom.ms.config.VodMsMetricsAspect
[CallSiteClassLoader@34b3127b] info register aspect za.co.vodacom.ms.core.logging.aspects.VodAopExceptionLogging
[CallSiteClassLoader@34b3127b] info register aspect za.co.vodacom.ms.core.logging.aspects.VodAopMethodLogging
[CallSiteClassLoader@34b3127b] info register aspect za.co.vodacom.ms.core.logging.aspects.VodAopRxLogging
[CallSiteClassLoader@34b3127b] info register aspect za.co.vodacom.ms.core.auditing.aspect.VodMsAopAudit
[CallSiteClassLoader@57936a03] info AspectJ Weaver Version 1.8.9 built on Monday Mar 14, 2016 at 21:18:16 GMT
[CallSiteClassLoader@57936a03] info register classloader org.codehaus.groovy.runtime.callsite.CallSiteClassLoader@57936a03
[CallSiteClassLoader@57936a03] info using configuration file:/C:/Users/masek002/.m2/repository/za/co/vodacom/ms/vod-ms-core-spring/2.0.6-RELEASE/vod-ms-core-spring-2.0.6-RELEASE.jar!/META-INF/aop.xml
[CallSiteClassLoader@57936a03] info using configuration file:/C:/Users/masek002/.m2/repository/za/co/vodacom/ms/core/vod-ms-core-logging/1.0.30-RELEASE/vod-ms-core-logging-1.0.30-RELEASE.jar!/META-INF/aop.xml
[CallSiteClassLoader@57936a03] info using configuration file:/C:/Users/masek002/.m2/repository/za/co/vodacom/ms/core/vod-ms-core-auditing/1.0.20-RELEASE/vod-ms-core-auditing-1.0.20-RELEASE.jar!/META-INF/aop.xml
[CallSiteClassLoader@57936a03] info register aspect za.co.vodacom.ms.config.VodMsMetricsAspect
[CallSiteClassLoader@57936a03] info register aspect za.co.vodacom.ms.core.logging.aspects.VodAopExceptionLogging
[CallSiteClassLoader@57936a03] info register aspect za.co.vodacom.ms.core.logging.aspects.VodAopMethodLogging
[CallSiteClassLoader@57936a03] info register aspect za.co.vodacom.ms.core.logging.aspects.VodAopRxLogging
[CallSiteClassLoader@57936a03] info register aspect za.co.vodacom.ms.core.auditing.aspect.VodMsAopAudit
[CallSiteClassLoader@5cee664b] info AspectJ Weaver Version 1.8.9 built on Monday Mar 14, 2016 at 21:18:16 GMT
[CallSiteClassLoader@5cee664b] info register classloader org.codehaus.groovy.runtime.callsite.CallSiteClassLoader@5cee664b
[CallSiteClassLoader@5cee664b] info using configuration file:/C:/Users/masek002/.m2/repository/za/co/vodacom/ms/vod-ms-core-spring/2.0.6-RELEASE/vod-ms-core-spring-2.0.6-RELEASE.jar!/META-INF/aop.xml
[CallSiteClassLoader@5cee664b] info using configuration file:/C:/Users/masek002/.m2/repository/za/co/vodacom/ms/core/vod-ms-core-logging/1.0.30-RELEASE/vod-ms-core-logging-1.0.30-RELEASE.jar!/META-INF/aop.xml
[CallSiteClassLoader@5cee664b] info using configuration file:/C:/Users/masek002/.m2/repository/za/co/vodacom/ms/core/vod-ms-core-auditing/1.0.20-RELEASE/vod-ms-core-auditing-1.0.20-RELEASE.jar!/META-INF/aop.xml
[CallSiteClassLoader@5cee664b] info register aspect za.co.vodacom.ms.config.VodMsMetricsAspect
[CallSiteClassLoader@5cee664b] info register aspect za.co.vodacom.ms.core.logging.aspects.VodAopExceptionLogging
[CallSiteClassLoader@5cee664b] info register aspect za.co.vodacom.ms.core.logging.aspects.VodAopMethodLogging
[...]
[CallSiteClassLoader@3a1575f8] info register aspect za.co.vodacom.ms.config.VodMsMetricsAspect
[CallSiteClassLoader@3a1575f8] info register aspect za.co.vodacom.ms.core.logging.aspects.VodAopExceptionLogging
[CallSiteClassLoader@3a1575f8] info register aspect za.co.vodacom.ms.core.logging.aspects.VodAopMethodLogging
[CallSiteClassLoader@3a1575f8] info register aspect za.co.vodacom.ms.core.logging.aspects.VodAopRxLogging
[CallSiteClassLoader@3a1575f8] info register aspect za.co.vodacom.ms.core.auditing.aspect.VodMsAopAudit
[CallSiteClassLoader@74cd559c] info AspectJ Weaver Version 1.8.9 built on Monday Mar 14, 2016 at 21:18:16 GMT
[CallSiteClassLoader@74cd559c] info register classloader org.codehaus.groovy.runtime.callsite.CallSiteClassLoader@74cd559c
[CallSiteClassLoader@74cd559c] info using configuration file:/C:/Users/masek002/.m2/repository/za/co/vodacom/ms/vod-ms-core-spring/2.0.6-RELEASE/vod-ms-core-spring-2.0.6-RELEASE.jar!/META-INF/aop.xml
[CallSiteClassLoader@74cd559c] info using configuration file:/C:/Users/masek002/.m2/repository/za/co/vodacom/ms/core/vod-ms-core-logging/1.0.30-RELEASE/vod-ms-core-logging-1.0.30-RELEASE.jar!/META-INF/aop.xml
[CallSiteClassLoader@74cd559c] info using configuration file:/C:/Users/masek002/.m2/repository/za/co/vodacom/ms/core/vod-ms-core-auditing/1.0.20-RELEASE/vod-ms-core-auditing-1.0.20-RELEASE.jar!/META-INF/aop.xml
[CallSiteClassLoader@74cd559c] info register aspect za.co.vodacom.ms.config.VodMsMetricsAspect
[CallSiteClassLoader@74cd559c] info register aspect za.co.vodacom.ms.core.logging.aspects.VodAopExceptionLogging
[CallSiteClassLoader@74cd559c] info register aspect za.co.vodacom.ms.core.logging.aspects.VodAopMethodLogging
[CallSiteClassLoader@74cd559c] info register aspect za.co.vodacom.ms.core.logging.aspects.VodAopRxLogging
[CallSiteClassLoader@74cd559c] info register aspect za.co.vodacom.ms.core.auditing.aspect.VodMsAopAudit
[CallSiteClassLoader@666b882e] info AspectJ Weaver Version 1.8.9 built on Monday Mar 14, 2016 at 21:18:16 GMT
[CallSiteClassLoader@666b882e] info register classloader org.codehaus.groovy.runtime.callsite.CallSiteClassLoader@666b882e
[CallSiteClassLoader@666b882e] info using configuration file:/C:/Users/masek002/.m2/repository/za/co/vodacom/ms/vod-ms-core-spring/2.0.6-RELEASE/vod-ms-core-spring-2.0.6-RELEASE.jar!/META-INF/aop.xml
[CallSiteClassLoader@666b882e] info using configuration file:/C:/Users/masek002/.m2/repository/za/co/vodacom/ms/core/vod-ms-core-logging/1.0.30-RELEASE/vod-ms-core-logging-1.0.30-RELEASE.jar!/META-INF/aop.xml
[CallSiteClassLoader@666b882e] info using configuration file:/C:/Users/masek002/.m2/repository/za/co/vodacom/ms/core/vod-ms-core-auditing/1.0.20-RELEASE/vod-ms-core-auditing-1.0.20-RELEASE.jar!/META-INF/aop.xml
[CallSiteClassLoader@666b882e] info register aspect za.co.vodacom.ms.config.VodMsMetricsAspect
[CallSiteClassLoader@666b882e] info register aspect za.co.vodacom.ms.core.logging.aspects.VodAopExceptionLogging
[CallSiteClassLoader@666b882e] info register aspect za.co.vodacom.ms.core.logging.aspects.VodAopMethodLogging
[CallSiteClassLoader@666b882e] info register aspect za.co.vodacom.ms.core.logging.aspects.VodAopRxLogging
[CallSiteClassLoader@666b882e] info register aspect za.co.vodacom.ms.core.auditing.aspect.VodMsAopAudit
[CallSiteClassLoader@41d284c1] info AspectJ Weaver Version 1.8.9 built on Monday Mar 14, 2016 at 21:18:16 GMT
[CallSiteClassLoader@41d284c1] info register classloader org.codehaus.groovy.runtime.callsite.CallSiteClassLoader@41d284c1
[CallSiteClassLoader@41d284c1] info using configuration file:/C:/Users/masek002/.m2/repository/za/co/vodacom/ms/vod-ms-core-spring/2.0.6-RELEASE/vod-ms-core-spring-2.0.6-RELEASE.jar!/META-INF/aop.xml
[CallSiteClassLoader@41d284c1] info using configuration file:/C:/Users/masek002/.m2/repository/za/co/vodacom/ms/core/vod-ms-core-logging/1.0.30-RELEASE/vod-ms-core-logging-1.0.30-RELEASE.jar!/META-INF/aop.xml
[CallSiteClassLoader@41d284c1] info using configuration file:/C:/Users/masek002/.m2/repository/za/co/vodacom/ms/core/vod-ms-core-auditing/1.0.20-RELEASE/vod-ms-core-auditing-1.0.20-RELEASE.jar!/META-INF/aop.xml
[CallSiteClassLoader@41d284c1] info register aspect za.co.vodacom.ms.config.VodMsMetricsAspect
[CallSiteClassLoader@41d284c1] info register aspect za.co.vodacom.ms.core.logging.aspects.VodAopExceptionLogging
[CallSiteClassLoader@41d284c1] info register aspect za.co.vodacom.ms.core.logging.aspects.VodAopMethodLogging
[CallSiteClassLoader@41d284c1] info register aspect za.co.vodacom.ms.core.logging.aspects.VodAopRxLogging
[CallSiteClassLoader@41d284c1] info register aspect za.co.vodacom.ms.core.auditing.aspect.VodMsAopAudit
[CallSiteClassLoader@3c269db7] info AspectJ Weaver Version 1.8.9 built on Monday Mar 14, 2016 at 21:18:16 GMT
[CallSiteClassLoader@3c269db7] info register classloader org.codehaus.groovy.runtime.callsite.CallSiteClassLoader@3c269db7
[CallSiteClassLoader@3c269db7] info using configuration file:/C:/Users/masek002/.m2/repository/za/co/vodacom/ms/vod-ms-core-spring/2.0.6-RELEASE/vod-ms-core-spring-2.0.6-RELEASE.jar!/META-INF/aop.xml
[CallSiteClassLoader@3c269db7] info using configuration file:/C:/Users/masek002/.m2/repository/za/co/vodacom/ms/core/vod-ms-core-logging/1.0.30-RELEASE/vod-ms-core-logging-1.0.30-RELEASE.jar!/META-INF/aop.xml
[CallSiteClassLoader@3c269db7] info using configuration file:/C:/Users/masek002/.m2/repository/za/co/vodacom/ms/core/vod-ms-core-auditing/1.0.20-RELEASE/vod-ms-core-auditing-1.0.20-RELEASE.jar!/META-INF/aop.xml
[CallSiteClassLoader@3c269db7] info register aspect za.co.vodacom.ms.config.VodMsMetricsAspect
[CallSiteClassLoader@3c269db7] info register aspect za.co.vodacom.ms.core.logging.aspects.VodAopExceptionLogging
[CallSiteClassLoader@3c269db7] info register aspect za.co.vodacom.ms.core.logging.aspects.VodAopMethodLogging
[CallSiteClassLoader@3c269db7] info register aspect za.co.vodacom.ms.core.logging.aspects.VodAopRxLogging
[CallSiteClassLoader@3c269db7] info register aspect za.co.vodacom.ms.core.auditing.aspect.VodMsAopAudit
[CallSiteClassLoader@2c972ac4] info AspectJ Weaver Version 1.8.9 built on Monday Mar 14, 2016 at 21:18:16 GMT
[CallSiteClassLoader@2c972ac4] info register classloader org.codehaus.groovy.runtime.callsite.CallSiteClassLoader@2c972ac4
[CallSiteClassLoader@2c972ac4] info using configuration file:/C:/Users/masek002/.m2/repository/za/co/vodacom/ms/vod-ms-core-spring/2.0.6-RELEASE/vod-ms-core-spring-2.0.6-RELEASE.jar!/META-INF/aop.xml
[CallSiteClassLoader@2c972ac4] info using configuration file:/C:/Users/masek002/.m2/repository/za/co/vodacom/ms/core/vod-ms-core-logging/1.0.30-RELEASE/vod-ms-core-logging-1.0.30-RELEASE.jar!/META-INF/aop.xml
[CallSiteClassLoader@2c972ac4] info using configuration file:/C:/Users/masek002/.m2/repository/za/co/vodacom/ms/core/vod-ms-core-auditing/1.0.20-RELEASE/vod-ms-core-auditing-1.0.20-RELEASE.jar!/META-INF/aop.xml
[CallSiteClassLoader@2c972ac4] info register aspect za.co.vodacom.ms.config.VodMsMetricsAspect
[CallSiteClassLoader@2c972ac4] info register aspect za.co.vodacom.ms.core.logging.aspects.VodAopExceptionLogging
[CallSiteClassLoader@2c972ac4] info register aspect za.co.vodacom.ms.core.logging.aspects.VodAopMethodLogging
[CallSiteClassLoader@2c972ac4] info register aspect za.co.vodacom.ms.core.logging.aspects.VodAopRxLogging
[CallSiteClassLoader@2c972ac4] info register aspect za.co.vodacom.ms.core.auditing.aspect.VodMsAopAudit
[CallSiteClassLoader@39e1b245] info AspectJ Weaver Version 1.8.9 built on Monday Mar 14, 2016 at 21:18:16 GMT
[CallSiteClassLoader@39e1b245] info register classloader org.codehaus.groovy.runtime.callsite.CallSiteClassLoader@39e1b245
[CallSiteClassLoader@39e1b245] info using configuration file:/C:/Users/masek002/.m2/repository/za/co/vodacom/ms/vod-ms-core-spring/2.0.6-RELEASE/vod-ms-core-spring-2.0.6-RELEASE.jar!/META-INF/aop.xml
[CallSiteClassLoader@39e1b245] info using configuration file:/C:/Users/masek002/.m2/repository/za/co/vodacom/ms/core/vod-ms-core-logging/1.0.30-RELEASE/vod-ms-core-logging-1.0.30-RELEASE.jar!/META-INF/aop.xml
[CallSiteClassLoader@39e1b245] info using configuration file:/C:/Users/masek002/.m2/repository/za/co/vodacom/ms/core/vod-ms-core-auditing/1.0.20-RELEASE/vod-ms-core-auditing-1.0.20-RELEASE.jar!/META-INF/aop.xml
[CallSiteClassLoader@39e1b245] info register aspect za.co.vodacom.ms.config.VodMsMetricsAspect
[CallSiteClassLoader@39e1b245] info register aspect za.co.vodacom.ms.core.logging.aspects.VodAopExceptionLogging
[CallSiteClassLoader@39e1b245] info register aspect za.co.vodacom.ms.core.logging.aspects.VodAopMethodLogging
[CallSiteClassLoader@39e1b245] info register aspect za.co.vodacom.ms.core.logging.aspects.VodAopRxLogging
[CallSiteClassLoader@39e1b245] info register aspect za.co.vodacom.ms.core.auditing.aspect.VodMsAopAudit
[CallSiteClassLoader@5746faf8] info AspectJ Weaver Version 1.8.9 built on Monday Mar 14, 2016 at 21:18:16 GMT
[CallSiteClassLoader@5746faf8] info register classloader org.codehaus.groovy.runtime.callsite.CallSiteClassLoader@5746faf8
[CallSiteClassLoader@5746faf8] info using configuration file:/C:/Users/masek002/.m2/repository/za/co/vodacom/ms/vod-ms-core-spring/2.0.6-RELEASE/vod-ms-core-spring-2.0.6-RELEASE.jar!/META-INF/aop.xml
[CallSiteClassLoader@5746faf8] info using configuration file:/C:/Users/masek002/.m2/repository/za/co/vodacom/ms/core/vod-ms-core-logging/1.0.30-RELEASE/vod-ms-core-logging-1.0.30-RELEASE.jar!/META-INF/aop.xml
[CallSiteClassLoader@5746faf8] info using configuration file:/C:/Users/masek002/.m2/repository/za/co/vodacom/ms/core/vod-ms-core-auditing/1.0.20-RELEASE/vod-ms-core-auditing-1.0.20-RELEASE.jar!/META-INF/aop.xml
[CallSiteClassLoader@5746faf8] info register aspect za.co.vodacom.ms.config.VodMsMetricsAspect
[CallSiteClassLoader@5746faf8] info register aspect za.co.vodacom.ms.core.logging.aspects.VodAopExceptionLogging
[CallSiteClassLoader@5746faf8] info register aspect za.co.vodacom.ms.core.logging.aspects.VodAopMethodLogging
[CallSiteClassLoader@5746faf8] info register aspect za.co.vodacom.ms.core.logging.aspects.VodAopRxLogging
[CallSiteClassLoader@5746faf8] info register aspect za.co.vodacom.ms.core.auditing.aspect.VodMsAopAudit
[CallSiteClassLoader@51953b1c] info AspectJ Weaver Version 1.8.9 built on Monday Mar 14, 2016 at 21:18:16 GMT
[CallSiteClassLoader@51953b1c] info register classloader org.codehaus.groovy.runtime.callsite.CallSiteClassLoader@51953b1c
[CallSiteClassLoader@51953b1c] info using configuration file:/C:/Users/masek002/.m2/repository/za/co/vodacom/ms/vod-ms-core-spring/2.0.6-RELEASE/vod-ms-core-spring-2.0.6-RELEASE.jar!/META-INF/aop.xml
[CallSiteClassLoader@51953b1c] info using configuration file:/C:/Users/masek002/.m2/repository/za/co/vodacom/ms/core/vod-ms-core-logging/1.0.30-RELEASE/vod-ms-core-logging-1.0.30-RELEASE.jar!/META-INF/aop.xml
[CallSiteClassLoader@51953b1c] info using configuration file:/C:/Users/masek002/.m2/repository/za/co/vodacom/ms/core/vod-ms-core-auditing/1.0.20-RELEASE/vod-ms-core-auditing-1.0.20-RELEASE.jar!/META-INF/aop.xml
[CallSiteClassLoader@51953b1c] info register aspect za.co.vodacom.ms.config.VodMsMetricsAspect
[CallSiteClassLoader@51953b1c] info register aspect za.co.vodacom.ms.core.logging.aspects.VodAopExceptionLogging
[CallSiteClassLoader@51953b1c] info register aspect za.co.vodacom.ms.core.logging.aspects.VodAopMethodLogging
[CallSiteClassLoader@51953b1c] info register aspect za.co.vodacom.ms.core.logging.aspects.VodAopRxLogging
[CallSiteClassLoader@51953b1c] info register aspect za.co.vodacom.ms.core.auditing.aspect.VodMsAopAudit
[CallSiteClassLoader@886d9ec] info AspectJ Weaver Version 1.8.9 built on Monday Mar 14, 2016 at 21:18:16 GMT
[CallSiteClassLoader@886d9ec] info register classloader org.codehaus.groovy.runtime.callsite.CallSiteClassLoader@886d9ec
[CallSiteClassLoader@886d9ec] info using configuration file:/C:/Users/masek002/.m2/repository/za/co/vodacom/ms/vod-ms-core-spring/2.0.6-RELEASE/vod-ms-core-spring-2.0.6-RELEASE.jar!/META-INF/aop.xml
[CallSiteClassLoader@886d9ec] info using configuration file:/C:/Users/masek002/.m2/repository/za/co/vodacom/ms/core/vod-ms-core-logging/1.0.30-RELEASE/vod-ms-core-logging-1.0.30-RELEASE.jar!/META-INF/aop.xml
[CallSiteClassLoader@886d9ec] info using configuration file:/C:/Users/masek002/.m2/repository/za/co/vodacom/ms/core/vod-ms-core-auditing/1.0.20-RELEASE/vod-ms-core-auditing-1.0.20-RELEASE.jar!/META-INF/aop.xml
[CallSiteClassLoader@886d9ec] info register aspect za.co.vodacom.ms.config.VodMsMetricsAspect
[CallSiteClassLoader@886d9ec] info register aspect za.co.vodacom.ms.core.logging.aspects.VodAopExceptionLogging
[CallSiteClassLoader@886d9ec] info register aspect za.co.vodacom.ms.core.logging.aspects.VodAopMethodLogging
[CallSiteClassLoader@886d9ec] info register aspect za.co.vodacom.ms.core.logging.aspects.VodAopRxLogging
[CallSiteClassLoader@886d9ec] info register aspect za.co.vodacom.ms.core.auditing.aspect.VodMsAopAudit
[CallSiteClassLoader@149317fd] info AspectJ Weaver Version 1.8.9 built on Monday Mar 14, 2016 at 21:18:16 GMT
[CallSiteClassLoader@149317fd] info register classloader org.codehaus.groovy.runtime.callsite.CallSiteClassLoader@149317fd
[CallSiteClassLoader@149317fd] info using configuration file:/C:/Users/masek002/.m2/repository/za/co/vodacom/ms/vod-ms-core-spring/2.0.6-RELEASE/vod-ms-core-spring-2.0.6-RELEASE.jar!/META-INF/aop.xml
[CallSiteClassLoader@149317fd] info using configuration file:/C:/Users/masek002/.m2/repository/za/co/vodacom/ms/core/vod-ms-core-logging/1.0.30-RELEASE/vod-ms-core-logging-1.0.30-RELEASE.jar!/META-INF/aop.xml
[CallSiteClassLoader@149317fd] info using configuration file:/C:/Users/masek002/.m2/repository/za/co/vodacom/ms/core/vod-ms-core-auditing/1.0.20-RELEASE/vod-ms-core-auditing-1.0.20-RELEASE.jar!/META-INF/aop.xml
[CallSiteClassLoader@149317fd] info register aspect za.co.vodacom.ms.config.VodMsMetricsAspect
[CallSiteClassLoader@149317fd] info register aspect za.co.vodacom.ms.core.logging.aspects.VodAopExceptionLogging
[CallSiteClassLoader@149317fd] info register aspect za.co.vodacom.ms.core.logging.aspects.VodAopMethodLogging
[CallSiteClassLoader@149317fd] info register aspect za.co.vodacom.ms.core.logging.aspects.VodAopRxLogging
[CallSiteClassLoader@149317fd] info register aspect za.co.vodacom.ms.core.auditing.aspect.VodMsAopAudit
[CallSiteClassLoader@6f11b217] info AspectJ Weaver Version 1.8.9 built on Monday Mar 14, 2016 at 21:18:16 GMT
[CallSiteClassLoader@6f11b217] info register classloader org.codehaus.groovy.runtime.callsite.CallSiteClassLoader@6f11b217
[CallSiteClassLoader@6f11b217] info using configuration file:/C:/Users/masek002/.m2/repository/za/co/vodacom/ms/vod-ms-core-spring/2.0.6-RELEASE/vod-ms-core-spring-2.0.6-RELEASE.jar!/META-INF/aop.xml
[CallSiteClassLoader@6f11b217] info using configuration file:/C:/Users/masek002/.m2/repository/za/co/vodacom/ms/core/vod-ms-core-logging/1.0.30-RELEASE/vod-ms-core-logging-1.0.30-RELEASE.jar!/META-INF/aop.xml
[CallSiteClassLoader@6f11b217] info using configuration file:/C:/Users/masek002/.m2/repository/za/co/vodacom/ms/core/vod-ms-core-auditing/1.0.20-RELEASE/vod-ms-core-auditing-1.0.20-RELEASE.jar!/META-INF/aop.xml
[CallSiteClassLoader@6f11b217] info register aspect za.co.vodacom.ms.config.VodMsMetricsAspect
[CallSiteClassLoader@6f11b217] info register aspect za.co.vodacom.ms.core.logging.aspects.VodAopExceptionLogging
[CallSiteClassLoader@6f11b217] info register aspect za.co.vodacom.ms.core.logging.aspects.VodAopMethodLogging
[CallSiteClassLoader@6f11b217] info register aspect za.co.vodacom.ms.core.logging.aspects.VodAopRxLogging
[CallSiteClassLoader@6f11b217] info register aspect za.co.vodacom.ms.core.auditing.aspect.VodMsAopAudit
[CallSiteClassLoader@33616e79] info AspectJ Weaver Version 1.8.9 built on Monday Mar 14, 2016 at 21:18:16 GMT
[CallSiteClassLoader@33616e79] info register classloader org.codehaus.groovy.runtime.callsite.CallSiteClassLoader@33616e79
[CallSiteClassLoader@33616e79] info using configuration file:/C:/Users/masek002/.m2/repository/za/co/vodacom/ms/vod-ms-core-spring/2.0.6-RELEASE/vod-ms-core-spring-2.0.6-RELEASE.jar!/META-INF/aop.xml
[CallSiteClassLoader@33616e79] info using configuration file:/C:/Users/masek002/.m2/repository/za/co/vodacom/ms/core/vod-ms-core-logging/1.0.30-RELEASE/vod-ms-core-logging-1.0.30-RELEASE.jar!/META-INF/aop.xml
[CallSiteClassLoader@33616e79] info using configuration file:/C:/Users/masek002/.m2/repository/za/co/vodacom/ms/core/vod-ms-core-auditing/1.0.20-RELEASE/vod-ms-core-auditing-1.0.20-RELEASE.jar!/META-INF/aop.xml
[CallSiteClassLoader@33616e79] info register aspect za.co.vodacom.ms.config.VodMsMetricsAspect
[CallSiteClassLoader@33616e79] info register aspect za.co.vodacom.ms.core.logging.aspects.VodAopExceptionLogging
[CallSiteClassLoader@33616e79] info register aspect za.co.vodacom.ms.core.logging.aspects.VodAopMethodLogging
[CallSiteClassLoader@33616e79] info register aspect za.co.vodacom.ms.core.logging.aspects.VodAopRxLogging
[CallSiteClassLoader@33616e79] info register aspect za.co.vodacom.ms.core.auditing.aspect.VodMsAopAudit
[CallSiteClassLoader@1aa1e49b] info AspectJ Weaver Version 1.8.9 built on Monday Mar 14, 2016 at 21:18:16 GMT
[CallSiteClassLoader@1aa1e49b] info register classloader org.codehaus.groovy.runtime.callsite.CallSiteClassLoader@1aa1e49b
[CallSiteClassLoader@1aa1e49b] info using configuration file:/C:/Users/masek002/.m2/repository/za/co/vodacom/ms/vod-ms-core-spring/2.0.6-RELEASE/vod-ms-core-spring-2.0.6-RELEASE.jar!/META-INF/aop.xml
[CallSiteClassLoader@1aa1e49b] info using configuration file:/C:/Users/masek002/.m2/repository/za/co/vodacom/ms/core/vod-ms-core-logging/1.0.30-RELEASE/vod-ms-core-logging-1.0.30-RELEASE.jar!/META-INF/aop.xml
[CallSiteClassLoader@1aa1e49b] info using configuration file:/C:/Users/masek002/.m2/repository/za/co/vodacom/ms/core/vod-ms-core-auditing/1.0.20-RELEASE/vod-ms-core-auditing-1.0.20-RELEASE.jar!/META-INF/aop.xml
[CallSiteClassLoader@1aa1e49b] info register aspect za.co.vodacom.ms.config.VodMsMetricsAspect
[CallSiteClassLoader@1aa1e49b] info register aspect za.co.vodacom.ms.core.logging.aspects.VodAopExceptionLogging
[CallSiteClassLoader@1aa1e49b] info register aspect za.co.vodacom.ms.core.logging.aspects.VodAopMethodLogging
[CallSiteClassLoader@1aa1e49b] info register aspect za.co.vodacom.ms.core.logging.aspects.VodAopRxLogging
[CallSiteClassLoader@1aa1e49b] info register aspect za.co.vodacom.ms.core.auditing.aspect.VodMsAopAudit
[CallSiteClassLoader@525dc4ad] info AspectJ Weaver Version 1.8.9 built on Monday Mar 14, 2016 at 21:18:16 GMT
[CallSiteClassLoader@525dc4ad] info register classloader org.codehaus.groovy.runtime.callsite.CallSiteClassLoader@525dc4ad
[CallSiteClassLoader@525dc4ad] info using configuration file:/C:/Users/masek002/.m2/repository/za/co/vodacom/ms/vod-ms-core-spring/2.0.6-RELEASE/vod-ms-core-spring-2.0.6-RELEASE.jar!/META-INF/aop.xml
[CallSiteClassLoader@525dc4ad] info using configuration file:/C:/Users/masek002/.m2/repository/za/co/vodacom/ms/core/vod-ms-core-logging/1.0.30-RELEASE/vod-ms-core-logging-1.0.30-RELEASE.jar!/META-INF/aop.xml
[CallSiteClassLoader@525dc4ad] info using configuration file:/C:/Users/masek002/.m2/repository/za/co/vodacom/ms/core/vod-ms-core-auditing/1.0.20-RELEASE/vod-ms-core-auditing-1.0.20-RELEASE.jar!/META-INF/aop.xml
[CallSiteClassLoader@525dc4ad] info register aspect za.co.vodacom.ms.config.VodMsMetricsAspect
[CallSiteClassLoader@525dc4ad] info register aspect za.co.vodacom.ms.core.logging.aspects.VodAopExceptionLogging
[CallSiteClassLoader@525dc4ad] info register aspect za.co.vodacom.ms.core.logging.aspects.VodAopMethodLogging
[CallSiteClassLoader@525dc4ad] info register aspect za.co.vodacom.ms.core.logging.aspects.VodAopRxLogging
[CallSiteClassLoader@525dc4ad] info register aspect za.co.vodacom.ms.core.auditing.aspect.VodMsAopAudit
]]></system-err>
  </testcase>
</testsuite>